Using pre-set license
Built from '2020.3/staging' branch; Version is '2020.3.28f1 (f5400f52e03f) revision 16072719'; Using compiler version '192528614'; Build Type 'Release'
OS: 'Windows 10  (10.0.19042) 64bit Education' Language: 'en' Physical Memory: 32543 MB
BatchMode: 1, IsHumanControllingUs: 0, StartBugReporterOnCrash: 0, Is64bit: 1, IsPro: 0

COMMAND LINE ARGUMENTS:
C:\Program Files\Unity\Hub\Editor\2020.3.28f1\Editor\Unity.exe
-adb2
-batchMode
-noUpm
-name
AssetImportWorker0
-projectPath
C:/Users/savo0000/Desktop/Unity Projects/GitHub/vroom-yas
-logFile
Logs/AssetImportWorker0.log
-srvPort
54755
Successfully changed project path to: C:/Users/savo0000/Desktop/Unity Projects/GitHub/vroom-yas
C:/Users/savo0000/Desktop/Unity Projects/GitHub/vroom-yas
Using Asset Import Pipeline V2.
Refreshing native plugins compatible for Editor in 39.82 ms, found 2 plugins.
Preloading 0 native plugins for Editor in 0.00 ms.
Initialize engine version: 2020.3.28f1 (f5400f52e03f)
[Subsystems] Discovering subsystems at path C:/Program Files/Unity/Hub/Editor/2020.3.28f1/Editor/Data/Resources/UnitySubsystems
[Subsystems] Discovering subsystems at path C:/Users/savo0000/Desktop/Unity Projects/GitHub/vroom-yas/Assets
GfxDevice: creating device client; threaded=0
Direct3D:
    Version:  Direct3D 11.0 [level 11.1]
    Renderer: Intel(R) UHD Graphics 630 (ID=0x9bc8)
    Vendor:   
    VRAM:     16271 MB
    Driver:   27.20.100.8984
Initialize mono
Mono path[0] = 'C:/Program Files/Unity/Hub/Editor/2020.3.28f1/Editor/Data/Managed'
Mono path[1] = 'C:/Program Files/Unity/Hub/Editor/2020.3.28f1/Editor/Data/MonoBleedingEdge/lib/mono/unityjit'
Mono config path = 'C:/Program Files/Unity/Hub/Editor/2020.3.28f1/Editor/Data/MonoBleedingEdge/etc'
Using monoOptions --debugger-agent=transport=dt_socket,embedding=1,server=y,suspend=n,address=127.0.0.1:56452
Begin MonoManager ReloadAssembly
Registering precompiled unity dll's ...
Register platform support module: C:/Program Files/Unity/Hub/Editor/2020.3.28f1/Editor/Data/PlaybackEngines/WebGLSupport/UnityEditor.WebGL.Extensions.dll
Register platform support module: C:/Program Files/Unity/Hub/Editor/2020.3.28f1/Editor/Data/PlaybackEngines/WindowsStandaloneSupport/UnityEditor.WindowsStandalone.Extensions.dll
Registered in 0.001032 seconds.
Native extension for WindowsStandalone target not found
Native extension for WebGL target not found
Refreshing native plugins compatible for Editor in 41.70 ms, found 2 plugins.
Preloading 0 native plugins for Editor in 0.00 ms.
Mono: successfully reloaded assembly
- Completed reload, in  0.496 seconds
Domain Reload Profiling:
	ReloadAssembly (496ms)
		BeginReloadAssembly (52ms)
			ExecutionOrderSort (0ms)
			DisableScriptedObjects (0ms)
			BackupInstance (0ms)
			ReleaseScriptingObjects (0ms)
			CreateAndSetChildDomain (1ms)
		EndReloadAssembly (384ms)
			LoadAssemblies (52ms)
			RebuildTransferFunctionScriptingTraits (0ms)
			SetupTypeCache (126ms)
			ReleaseScriptCaches (0ms)
			RebuildScriptCaches (26ms)
			SetupLoadedEditorAssemblies (150ms)
				LogAssemblyErrors (0ms)
				InitializePlatformSupportModulesInManaged (5ms)
				SetLoadedEditorAssemblies (0ms)
				RefreshPlugins (42ms)
				BeforeProcessingInitializeOnLoad (14ms)
				ProcessInitializeOnLoadAttributes (67ms)
				ProcessInitializeOnLoadMethodAttributes (22ms)
				AfterProcessingInitializeOnLoad (0ms)
				EditorAssembliesLoaded (0ms)
			ExecutionOrderSort2 (0ms)
			AwakeInstancesAfterBackupRestoration (0ms)
Platform modules already initialized, skipping
Registering precompiled user dll's ...
Registered in 0.002125 seconds.
Begin MonoManager ReloadAssembly
Native extension for WindowsStandalone target not found
Native extension for WebGL target not found
Refreshing native plugins compatible for Editor in 42.52 ms, found 2 plugins.
Preloading 0 native plugins for Editor in 0.00 ms.
Mono: successfully reloaded assembly
- Completed reload, in  1.000 seconds
Domain Reload Profiling:
	ReloadAssembly (1001ms)
		BeginReloadAssembly (131ms)
			ExecutionOrderSort (0ms)
			DisableScriptedObjects (4ms)
			BackupInstance (0ms)
			ReleaseScriptingObjects (0ms)
			CreateAndSetChildDomain (20ms)
		EndReloadAssembly (824ms)
			LoadAssemblies (79ms)
			RebuildTransferFunctionScriptingTraits (0ms)
			SetupTypeCache (247ms)
			ReleaseScriptCaches (0ms)
			RebuildScriptCaches (42ms)
			SetupLoadedEditorAssemblies (363ms)
				LogAssemblyErrors (0ms)
				InitializePlatformSupportModulesInManaged (4ms)
				SetLoadedEditorAssemblies (0ms)
				RefreshPlugins (43ms)
				BeforeProcessingInitializeOnLoad (64ms)
				ProcessInitializeOnLoadAttributes (242ms)
				ProcessInitializeOnLoadMethodAttributes (8ms)
				AfterProcessingInitializeOnLoad (2ms)
				EditorAssembliesLoaded (0ms)
			ExecutionOrderSort2 (0ms)
			AwakeInstancesAfterBackupRestoration (6ms)
Platform modules already initialized, skipping
========================================================================
Worker process is ready to serve import requests
Launched and connected shader compiler UnityShaderCompiler.exe after 0.05 seconds
Refreshing native plugins compatible for Editor in 0.46 ms, found 2 plugins.
Preloading 0 native plugins for Editor in 0.00 ms.
Unloading 2368 Unused Serialized files (Serialized files now loaded: 0)
System memory in use before: 104.0 MB.
System memory in use after: 104.2 MB.

Unloading 23 unused Assets to reduce memory usage. Loaded Objects now: 2803.
Total: 2.785600 ms (FindLiveObjects: 0.182000 ms CreateObjectMapping: 0.090200 ms MarkObjects: 2.441400 ms  DeleteObjects: 0.071500 ms)

AssetImportParameters requested are different than current active one (requested -> active):
  custom:framework-win-MediaFoundation: 216162199b28c13a410421893ffa2e32 -> 
  custom:video-decoder-ogg-theora: a1e56fd34408186e4bbccfd4996cb3dc -> 
  custom:container-muxer-webm: aa71ff27fc2769a1b78a27578f13a17b -> 
  custom:container-demuxer-webm: 4f35f7cbe854078d1ac9338744f61a02 -> 
  custom:container-demuxer-ogg: 62fdf1f143b41e24485cea50d1cbac27 -> 
  custom:video-encoder-webm-vp8: eb34c28f22e8b96e1ab97ce403110664 -> 
  custom:video-decoder-webm-vp8: 9c59270c3fd7afecdb556c50c9e8de78 -> 
  custom:audio-decoder-ogg-vorbis: bf7c407c2cedff20999df2af8eb42d56 -> 
  custom:audio-encoder-webm-vorbis: bf7c407c2cedff20999df2af8eb42d56 -> 
========================================================================
Received Import Request.
  path: Assets/Scripts/LevelLayoutGenerator.cs
  artifactKey: Guid(cf8978f5613883246ab5990fbb416c1f) Importer(815301076,1909f56bfc062723c751e8b465ee728b)
Start importing Assets/Scripts/LevelLayoutGenerator.cs using Guid(cf8978f5613883246ab5990fbb416c1f) Importer(815301076,1909f56bfc062723c751e8b465ee728b)  -> (artifact id: 'b35ad80cb0a4d0ceeef9979a0a43e62c') in 0.042584 seconds 
  Import took 0.045624 seconds .

========================================================================
Received Prepare
Registering precompiled user dll's ...
Registered in 0.002771 seconds.
Begin MonoManager ReloadAssembly
Native extension for WindowsStandalone target not found
Native extension for WebGL target not found
Refreshing native plugins compatible for Editor in 1.32 ms, found 2 plugins.
Preloading 0 native plugins for Editor in 0.00 ms.
Mono: successfully reloaded assembly
- Completed reload, in  1.237 seconds
Domain Reload Profiling:
	ReloadAssembly (1238ms)
		BeginReloadAssembly (121ms)
			ExecutionOrderSort (0ms)
			DisableScriptedObjects (4ms)
			BackupInstance (0ms)
			ReleaseScriptingObjects (0ms)
			CreateAndSetChildDomain (36ms)
		EndReloadAssembly (1057ms)
			LoadAssemblies (117ms)
			RebuildTransferFunctionScriptingTraits (0ms)
			SetupTypeCache (385ms)
			ReleaseScriptCaches (2ms)
			RebuildScriptCaches (49ms)
			SetupLoadedEditorAssemblies (378ms)
				LogAssemblyErrors (0ms)
				InitializePlatformSupportModulesInManaged (7ms)
				SetLoadedEditorAssemblies (0ms)
				RefreshPlugins (1ms)
				BeforeProcessingInitializeOnLoad (81ms)
				ProcessInitializeOnLoadAttributes (272ms)
				ProcessInitializeOnLoadMethodAttributes (11ms)
				AfterProcessingInitializeOnLoad (4ms)
				EditorAssembliesLoaded (0ms)
			ExecutionOrderSort2 (0ms)
			AwakeInstancesAfterBackupRestoration (15ms)
Platform modules already initialized, skipping
Refreshing native plugins compatible for Editor in 0.85 ms, found 2 plugins.
Preloading 0 native plugins for Editor in 0.00 ms.
Unloading 2323 Unused Serialized files (Serialized files now loaded: 0)
System memory in use before: 100.3 MB.
System memory in use after: 100.5 MB.

Unloading 16 unused Assets to reduce memory usage. Loaded Objects now: 2805.
Total: 6.284200 ms (FindLiveObjects: 0.543000 ms CreateObjectMapping: 0.240700 ms MarkObjects: 5.458400 ms  DeleteObjects: 0.039300 ms)

AssetImportParameters requested are different than current active one (requested -> active):
  custom:framework-win-MediaFoundation: 216162199b28c13a410421893ffa2e32 -> 
  custom:video-decoder-ogg-theora: a1e56fd34408186e4bbccfd4996cb3dc -> 
  custom:container-muxer-webm: aa71ff27fc2769a1b78a27578f13a17b -> 
  custom:container-demuxer-webm: 4f35f7cbe854078d1ac9338744f61a02 -> 
  custom:container-demuxer-ogg: 62fdf1f143b41e24485cea50d1cbac27 -> 
  custom:video-encoder-webm-vp8: eb34c28f22e8b96e1ab97ce403110664 -> 
  custom:video-decoder-webm-vp8: 9c59270c3fd7afecdb556c50c9e8de78 -> 
  custom:audio-decoder-ogg-vorbis: bf7c407c2cedff20999df2af8eb42d56 -> 
  custom:audio-encoder-webm-vorbis: bf7c407c2cedff20999df2af8eb42d56 -> 
========================================================================
Received Import Request.
  Time since last request: 78.510142 seconds.
  path: Assets/LevelPieces/West North.asset
  artifactKey: Guid(461789ba594a625449a6e423bcafa4ce) Importer(815301076,1909f56bfc062723c751e8b465ee728b)
Start importing Assets/LevelPieces/West North.asset using Guid(461789ba594a625449a6e423bcafa4ce) Importer(815301076,1909f56bfc062723c751e8b465ee728b)  -> (artifact id: '881a0ee9f7c9f36321a74328f4083513') in 0.032915 seconds 
  Import took 0.036586 seconds .

========================================================================
Received Import Request.
  Time since last request: 3.282450 seconds.
  path: Assets/LevelPieces/LevelBlock S To West.prefab
  artifactKey: Guid(2073cba55421ef04398038331126d497) Importer(815301076,1909f56bfc062723c751e8b465ee728b)
Start importing Assets/LevelPieces/LevelBlock S To West.prefab using Guid(2073cba55421ef04398038331126d497) Importer(815301076,1909f56bfc062723c751e8b465ee728b)  -> (artifact id: '7a0f4ed30b843af77839ad7a3a692a66') in 0.069299 seconds 
  Import took 0.073068 seconds .

========================================================================
Received Import Request.
  Time since last request: 10.025329 seconds.
  path: Assets/LevelPieces/South West.asset
  artifactKey: Guid(72df4c709535dd04eac53991248b7b8f) Importer(815301076,1909f56bfc062723c751e8b465ee728b)
Start importing Assets/LevelPieces/South West.asset using Guid(72df4c709535dd04eac53991248b7b8f) Importer(815301076,1909f56bfc062723c751e8b465ee728b)  -> (artifact id: '16fc75949b5b52d309e7e9a11401e6b9') in 0.011711 seconds 
  Import took 0.016596 seconds .

========================================================================
Received Import Request.
  Time since last request: 1.176163 seconds.
  path: Assets/LevelPieces/South North.asset
  artifactKey: Guid(629091d918fc54248ab0f6c48245bc16) Importer(815301076,1909f56bfc062723c751e8b465ee728b)
Start importing Assets/LevelPieces/South North.asset using Guid(629091d918fc54248ab0f6c48245bc16) Importer(815301076,1909f56bfc062723c751e8b465ee728b)  -> (artifact id: '4c425ba1572e8b1ae969f089b9ca25ed') in 0.012456 seconds 
  Import took 0.017438 seconds .

========================================================================
Received Import Request.
  Time since last request: 0.862991 seconds.
  path: Assets/LevelPieces/East North.asset
  artifactKey: Guid(8bb8b7d871ee8de4aac3c7669394992c) Importer(815301076,1909f56bfc062723c751e8b465ee728b)
Start importing Assets/LevelPieces/East North.asset using Guid(8bb8b7d871ee8de4aac3c7669394992c) Importer(815301076,1909f56bfc062723c751e8b465ee728b)  -> (artifact id: '7801c03fa1b61d6d87c3f24601ce183d') in 0.011190 seconds 
  Import took 0.016177 seconds .

========================================================================
Received Import Request.
  Time since last request: 24.012559 seconds.
  path: Assets/LevelPieces/South East.asset
  artifactKey: Guid(ddcc656e5a570c14094541214e773eb6) Importer(815301076,1909f56bfc062723c751e8b465ee728b)
Start importing Assets/LevelPieces/South East.asset using Guid(ddcc656e5a570c14094541214e773eb6) Importer(815301076,1909f56bfc062723c751e8b465ee728b)  -> (artifact id: 'f7cc35b62d884281361104a7a8ce0b0e') in 0.005263 seconds 
  Import took 0.010377 seconds .

========================================================================
Received Import Request.
  Time since last request: 78.874729 seconds.
  path: Assets/LevelPieces/LevelBlock S To East.prefab
  artifactKey: Guid(96d1c3912701e4847a767b776f19d1e4) Importer(815301076,1909f56bfc062723c751e8b465ee728b)
Start importing Assets/LevelPieces/LevelBlock S To East.prefab using Guid(96d1c3912701e4847a767b776f19d1e4) Importer(815301076,1909f56bfc062723c751e8b465ee728b)  -> (artifact id: '3b2b41e21b545cc94c8895fa6f280d8c') in 0.023637 seconds 
  Import took 0.027926 seconds .

========================================================================
Received Import Request.
  Time since last request: 16.115339 seconds.
  path: Assets/LevelPieces/LevelBlock W To North.prefab
  artifactKey: Guid(21e152a04432e934daa8a92d3315e925) Importer(815301076,1909f56bfc062723c751e8b465ee728b)
Start importing Assets/LevelPieces/LevelBlock W To North.prefab using Guid(21e152a04432e934daa8a92d3315e925) Importer(815301076,1909f56bfc062723c751e8b465ee728b)  -> (artifact id: '8b720cbde8f53a0b2e3bfaab51efad58') in 0.026755 seconds 
  Import took 0.031036 seconds .

========================================================================
Received Prepare
Registering precompiled user dll's ...
Registered in 0.002302 seconds.
Begin MonoManager ReloadAssembly
Native extension for WindowsStandalone target not found
Native extension for WebGL target not found
Refreshing native plugins compatible for Editor in 0.45 ms, found 2 plugins.
Preloading 0 native plugins for Editor in 0.00 ms.
Mono: successfully reloaded assembly
- Completed reload, in  0.919 seconds
Domain Reload Profiling:
	ReloadAssembly (919ms)
		BeginReloadAssembly (111ms)
			ExecutionOrderSort (0ms)
			DisableScriptedObjects (4ms)
			BackupInstance (0ms)
			ReleaseScriptingObjects (0ms)
			CreateAndSetChildDomain (33ms)
		EndReloadAssembly (762ms)
			LoadAssemblies (76ms)
			RebuildTransferFunctionScriptingTraits (0ms)
			SetupTypeCache (285ms)
			ReleaseScriptCaches (1ms)
			RebuildScriptCaches (35ms)
			SetupLoadedEditorAssemblies (282ms)
				LogAssemblyErrors (0ms)
				InitializePlatformSupportModulesInManaged (4ms)
				SetLoadedEditorAssemblies (0ms)
				RefreshPlugins (0ms)
				BeforeProcessingInitializeOnLoad (56ms)
				ProcessInitializeOnLoadAttributes (211ms)
				ProcessInitializeOnLoadMethodAttributes (8ms)
				AfterProcessingInitializeOnLoad (2ms)
				EditorAssembliesLoaded (0ms)
			ExecutionOrderSort2 (0ms)
			AwakeInstancesAfterBackupRestoration (6ms)
Platform modules already initialized, skipping
Refreshing native plugins compatible for Editor in 0.59 ms, found 2 plugins.
Preloading 0 native plugins for Editor in 0.00 ms.
Unloading 2323 Unused Serialized files (Serialized files now loaded: 0)
System memory in use before: 103.4 MB.
System memory in use after: 103.6 MB.

Unloading 16 unused Assets to reduce memory usage. Loaded Objects now: 2815.
Total: 2.820400 ms (FindLiveObjects: 0.195500 ms CreateObjectMapping: 0.104900 ms MarkObjects: 2.502800 ms  DeleteObjects: 0.016600 ms)

AssetImportParameters requested are different than current active one (requested -> active):
  custom:framework-win-MediaFoundation: 216162199b28c13a410421893ffa2e32 -> 
  custom:video-decoder-ogg-theora: a1e56fd34408186e4bbccfd4996cb3dc -> 
  custom:container-muxer-webm: aa71ff27fc2769a1b78a27578f13a17b -> 
  custom:container-demuxer-webm: 4f35f7cbe854078d1ac9338744f61a02 -> 
  custom:container-demuxer-ogg: 62fdf1f143b41e24485cea50d1cbac27 -> 
  custom:video-encoder-webm-vp8: eb34c28f22e8b96e1ab97ce403110664 -> 
  custom:video-decoder-webm-vp8: 9c59270c3fd7afecdb556c50c9e8de78 -> 
  custom:audio-decoder-ogg-vorbis: bf7c407c2cedff20999df2af8eb42d56 -> 
  custom:audio-encoder-webm-vorbis: bf7c407c2cedff20999df2af8eb42d56 -> 
========================================================================
Received Import Request.
  Time since last request: 4.913802 seconds.
  path: Assets/LevelPieces/LevelBlock S To West.prefab
  artifactKey: Guid(2073cba55421ef04398038331126d497) Importer(815301076,1909f56bfc062723c751e8b465ee728b)
Start importing Assets/LevelPieces/LevelBlock S To West.prefab using Guid(2073cba55421ef04398038331126d497) Importer(815301076,1909f56bfc062723c751e8b465ee728b)  -> (artifact id: '9a0aeec3c1ff81cdd4906793f76c7893') in 0.077792 seconds 
  Import took 0.082639 seconds .

========================================================================
Received Import Request.
  Time since last request: 1.961780 seconds.
  path: Assets/LevelPieces/LevelBlock S To North.prefab
  artifactKey: Guid(61df4719d5c659f4abe752e88c8c6744) Importer(815301076,1909f56bfc062723c751e8b465ee728b)
Start importing Assets/LevelPieces/LevelBlock S To North.prefab using Guid(61df4719d5c659f4abe752e88c8c6744) Importer(815301076,1909f56bfc062723c751e8b465ee728b)  -> (artifact id: '01efd2a3a9834f9ab958a14d54f3f925') in 0.021550 seconds 
  Import took 0.028508 seconds .

========================================================================
Received Import Request.
  Time since last request: 4.974042 seconds.
  path: Assets/LevelPieces/LevelBlock E To North.prefab
  artifactKey: Guid(fef2ca783579a5f46878bd5e8f24c6b1) Importer(815301076,1909f56bfc062723c751e8b465ee728b)
Start importing Assets/LevelPieces/LevelBlock E To North.prefab using Guid(fef2ca783579a5f46878bd5e8f24c6b1) Importer(815301076,1909f56bfc062723c751e8b465ee728b)  -> (artifact id: 'b91efcd13bef76be367fbaf85147ca2f') in 0.023007 seconds 
  Import took 0.029317 seconds .

========================================================================
Received Import Request.
  Time since last request: 0.383725 seconds.
  path: Assets/LevelPieces/LevelBlock E To North.prefab
  artifactKey: Guid(fef2ca783579a5f46878bd5e8f24c6b1) Importer(815301076,1909f56bfc062723c751e8b465ee728b)
Start importing Assets/LevelPieces/LevelBlock E To North.prefab using Guid(fef2ca783579a5f46878bd5e8f24c6b1) Importer(815301076,1909f56bfc062723c751e8b465ee728b)  -> (artifact id: '46417678295dd7b3aa75b4ff7fedc611') in 0.020162 seconds 
  Import took 0.026192 seconds .

========================================================================
Received Import Request.
  Time since last request: 1.155394 seconds.
  path: Assets/LevelPieces/LevelBlock E To North.prefab
  artifactKey: Guid(fef2ca783579a5f46878bd5e8f24c6b1) Importer(815301076,1909f56bfc062723c751e8b465ee728b)
Start importing Assets/LevelPieces/LevelBlock E To North.prefab using Guid(fef2ca783579a5f46878bd5e8f24c6b1) Importer(815301076,1909f56bfc062723c751e8b465ee728b)  -> (artifact id: 'd198aed691a72d780d155bb7bc234dd2') in 0.017775 seconds 
  Import took 0.021675 seconds .

========================================================================
Received Prepare
Registering precompiled user dll's ...
Registered in 0.002428 seconds.
Begin MonoManager ReloadAssembly
Native extension for WindowsStandalone target not found
Native extension for WebGL target not found
Refreshing native plugins compatible for Editor in 0.54 ms, found 2 plugins.
Preloading 0 native plugins for Editor in 0.00 ms.
Mono: successfully reloaded assembly
- Completed reload, in  0.935 seconds
Domain Reload Profiling:
	ReloadAssembly (936ms)
		BeginReloadAssembly (119ms)
			ExecutionOrderSort (0ms)
			DisableScriptedObjects (3ms)
			BackupInstance (0ms)
			ReleaseScriptingObjects (0ms)
			CreateAndSetChildDomain (40ms)
		EndReloadAssembly (772ms)
			LoadAssemblies (79ms)
			RebuildTransferFunctionScriptingTraits (0ms)
			SetupTypeCache (286ms)
			ReleaseScriptCaches (1ms)
			RebuildScriptCaches (34ms)
			SetupLoadedEditorAssemblies (291ms)
				LogAssemblyErrors (0ms)
				InitializePlatformSupportModulesInManaged (4ms)
				SetLoadedEditorAssemblies (0ms)
				RefreshPlugins (1ms)
				BeforeProcessingInitializeOnLoad (63ms)
				ProcessInitializeOnLoadAttributes (215ms)
				ProcessInitializeOnLoadMethodAttributes (7ms)
				AfterProcessingInitializeOnLoad (2ms)
				EditorAssembliesLoaded (0ms)
			ExecutionOrderSort2 (0ms)
			AwakeInstancesAfterBackupRestoration (7ms)
Platform modules already initialized, skipping
Refreshing native plugins compatible for Editor in 0.58 ms, found 2 plugins.
Preloading 0 native plugins for Editor in 0.00 ms.
Unloading 2323 Unused Serialized files (Serialized files now loaded: 0)
System memory in use before: 103.4 MB.
System memory in use after: 103.6 MB.

Unloading 16 unused Assets to reduce memory usage. Loaded Objects now: 2818.
Total: 2.960200 ms (FindLiveObjects: 0.225200 ms CreateObjectMapping: 0.108100 ms MarkObjects: 2.607300 ms  DeleteObjects: 0.018800 ms)

AssetImportParameters requested are different than current active one (requested -> active):
  custom:framework-win-MediaFoundation: 216162199b28c13a410421893ffa2e32 -> 
  custom:video-decoder-ogg-theora: a1e56fd34408186e4bbccfd4996cb3dc -> 
  custom:container-muxer-webm: aa71ff27fc2769a1b78a27578f13a17b -> 
  custom:container-demuxer-webm: 4f35f7cbe854078d1ac9338744f61a02 -> 
  custom:container-demuxer-ogg: 62fdf1f143b41e24485cea50d1cbac27 -> 
  custom:video-encoder-webm-vp8: eb34c28f22e8b96e1ab97ce403110664 -> 
  custom:video-decoder-webm-vp8: 9c59270c3fd7afecdb556c50c9e8de78 -> 
  custom:audio-decoder-ogg-vorbis: bf7c407c2cedff20999df2af8eb42d56 -> 
  custom:audio-encoder-webm-vorbis: bf7c407c2cedff20999df2af8eb42d56 -> 
========================================================================
Received Import Request.
  Time since last request: 64.779253 seconds.
  path: Assets/LevelPieces/LevelBlock S To East.prefab
  artifactKey: Guid(96d1c3912701e4847a767b776f19d1e4) Importer(815301076,1909f56bfc062723c751e8b465ee728b)
Start importing Assets/LevelPieces/LevelBlock S To East.prefab using Guid(96d1c3912701e4847a767b776f19d1e4) Importer(815301076,1909f56bfc062723c751e8b465ee728b)  -> (artifact id: '71f8ba205e202ed6ba08eea335937136') in 0.062456 seconds 
  Import took 0.066388 seconds .

========================================================================
Received Import Request.
  Time since last request: 0.765488 seconds.
  path: Assets/LevelPieces/LevelBlock S To East.prefab
  artifactKey: Guid(96d1c3912701e4847a767b776f19d1e4) Importer(815301076,1909f56bfc062723c751e8b465ee728b)
Start importing Assets/LevelPieces/LevelBlock S To East.prefab using Guid(96d1c3912701e4847a767b776f19d1e4) Importer(815301076,1909f56bfc062723c751e8b465ee728b)  -> (artifact id: 'e7c6452da53e0af0886f10c45aa07519') in 0.031115 seconds 
  Import took 0.036083 seconds .

========================================================================
Received Import Request.
  Time since last request: 0.371881 seconds.
  path: Assets/LevelPieces/LevelBlock S To East.prefab
  artifactKey: Guid(96d1c3912701e4847a767b776f19d1e4) Importer(815301076,1909f56bfc062723c751e8b465ee728b)
Start importing Assets/LevelPieces/LevelBlock S To East.prefab using Guid(96d1c3912701e4847a767b776f19d1e4) Importer(815301076,1909f56bfc062723c751e8b465ee728b)  -> (artifact id: '652315f0d55edfbac8a7576188737298') in 0.014883 seconds 
  Import took 0.019855 seconds .

========================================================================
Received Import Request.
  Time since last request: 1.032649 seconds.
  path: Assets/LevelPieces/LevelBlock S To North.prefab
  artifactKey: Guid(61df4719d5c659f4abe752e88c8c6744) Importer(815301076,1909f56bfc062723c751e8b465ee728b)
Start importing Assets/LevelPieces/LevelBlock S To North.prefab using Guid(61df4719d5c659f4abe752e88c8c6744) Importer(815301076,1909f56bfc062723c751e8b465ee728b)  -> (artifact id: '2fe3be53da63fcc07186afbb4dd19677') in 0.021408 seconds 
  Import took 0.025213 seconds .

========================================================================
Received Import Request.
  Time since last request: 1.499305 seconds.
  path: Assets/LevelPieces/LevelBlock S To North.prefab
  artifactKey: Guid(61df4719d5c659f4abe752e88c8c6744) Importer(815301076,1909f56bfc062723c751e8b465ee728b)
Start importing Assets/LevelPieces/LevelBlock S To North.prefab using Guid(61df4719d5c659f4abe752e88c8c6744) Importer(815301076,1909f56bfc062723c751e8b465ee728b)  -> (artifact id: '7f5c16e383d989f7776e756bbe8b8f40') in 0.016142 seconds 
  Import took 0.021429 seconds .

========================================================================
Received Import Request.
  Time since last request: 0.822730 seconds.
  path: Assets/LevelPieces/LevelBlock W To North.prefab
  artifactKey: Guid(21e152a04432e934daa8a92d3315e925) Importer(815301076,1909f56bfc062723c751e8b465ee728b)
Start importing Assets/LevelPieces/LevelBlock W To North.prefab using Guid(21e152a04432e934daa8a92d3315e925) Importer(815301076,1909f56bfc062723c751e8b465ee728b)  -> (artifact id: '4098161a2066f5856a6088e7d4e7170a') in 0.019878 seconds 
  Import took 0.023622 seconds .

========================================================================
Received Import Request.
  Time since last request: 1.078988 seconds.
  path: Assets/LevelPieces/LevelBlock W To North.prefab
  artifactKey: Guid(21e152a04432e934daa8a92d3315e925) Importer(815301076,1909f56bfc062723c751e8b465ee728b)
Start importing Assets/LevelPieces/LevelBlock W To North.prefab using Guid(21e152a04432e934daa8a92d3315e925) Importer(815301076,1909f56bfc062723c751e8b465ee728b)  -> (artifact id: '25ce68bac4228ead41ec885b46947350') in 0.023354 seconds 
  Import took 0.027689 seconds .

========================================================================
Received Import Request.
  Time since last request: 0.568885 seconds.
  path: Assets/LevelPieces/LevelBlock W To North.prefab
  artifactKey: Guid(21e152a04432e934daa8a92d3315e925) Importer(815301076,1909f56bfc062723c751e8b465ee728b)
Start importing Assets/LevelPieces/LevelBlock W To North.prefab using Guid(21e152a04432e934daa8a92d3315e925) Importer(815301076,1909f56bfc062723c751e8b465ee728b)  -> (artifact id: '03d6c67a40c3709e0f0c295a8ec56923') in 0.015211 seconds 
  Import took 0.019342 seconds .

========================================================================
Received Import Request.
  Time since last request: 0.733994 seconds.
  path: Assets/LevelPieces/LevelBlock S To West.prefab
  artifactKey: Guid(2073cba55421ef04398038331126d497) Importer(815301076,1909f56bfc062723c751e8b465ee728b)
Start importing Assets/LevelPieces/LevelBlock S To West.prefab using Guid(2073cba55421ef04398038331126d497) Importer(815301076,1909f56bfc062723c751e8b465ee728b)  -> (artifact id: '5d8d567643350b8e9cba85a02588c291') in 0.019950 seconds 
  Import took 0.025010 seconds .

========================================================================
Received Import Request.
  Time since last request: 1.645387 seconds.
  path: Assets/LevelPieces/LevelBlock S To West.prefab
  artifactKey: Guid(2073cba55421ef04398038331126d497) Importer(815301076,1909f56bfc062723c751e8b465ee728b)
Start importing Assets/LevelPieces/LevelBlock S To West.prefab using Guid(2073cba55421ef04398038331126d497) Importer(815301076,1909f56bfc062723c751e8b465ee728b)  -> (artifact id: '6ee2ea75297a3fa7e532b26f58ab6328') in 0.019422 seconds 
  Import took 0.024493 seconds .

========================================================================
Received Import Request.
  Time since last request: 0.410946 seconds.
  path: Assets/LevelPieces/LevelBlock S To West.prefab
  artifactKey: Guid(2073cba55421ef04398038331126d497) Importer(815301076,1909f56bfc062723c751e8b465ee728b)
Start importing Assets/LevelPieces/LevelBlock S To West.prefab using Guid(2073cba55421ef04398038331126d497) Importer(815301076,1909f56bfc062723c751e8b465ee728b)  -> (artifact id: '555953141b468a913a5836d9dabf0830') in 0.023950 seconds 
  Import took 0.028067 seconds .

========================================================================
Received Prepare
Registering precompiled user dll's ...
Registered in 0.002123 seconds.
Begin MonoManager ReloadAssembly
Native extension for WindowsStandalone target not found
Native extension for WebGL target not found
Refreshing native plugins compatible for Editor in 0.72 ms, found 2 plugins.
Preloading 0 native plugins for Editor in 0.00 ms.
Mono: successfully reloaded assembly
- Completed reload, in  1.102 seconds
Domain Reload Profiling:
	ReloadAssembly (1102ms)
		BeginReloadAssembly (114ms)
			ExecutionOrderSort (0ms)
			DisableScriptedObjects (3ms)
			BackupInstance (0ms)
			ReleaseScriptingObjects (0ms)
			CreateAndSetChildDomain (40ms)
		EndReloadAssembly (942ms)
			LoadAssemblies (85ms)
			RebuildTransferFunctionScriptingTraits (0ms)
			SetupTypeCache (262ms)
			ReleaseScriptCaches (1ms)
			RebuildScriptCaches (43ms)
			SetupLoadedEditorAssemblies (438ms)
				LogAssemblyErrors (0ms)
				InitializePlatformSupportModulesInManaged (5ms)
				SetLoadedEditorAssemblies (1ms)
				RefreshPlugins (1ms)
				BeforeProcessingInitializeOnLoad (75ms)
				ProcessInitializeOnLoadAttributes (339ms)
				ProcessInitializeOnLoadMethodAttributes (13ms)
				AfterProcessingInitializeOnLoad (3ms)
				EditorAssembliesLoaded (1ms)
			ExecutionOrderSort2 (0ms)
			AwakeInstancesAfterBackupRestoration (10ms)
Platform modules already initialized, skipping
Refreshing native plugins compatible for Editor in 0.78 ms, found 2 plugins.
Preloading 0 native plugins for Editor in 0.00 ms.
Unloading 2323 Unused Serialized files (Serialized files now loaded: 0)
System memory in use before: 103.5 MB.
System memory in use after: 103.7 MB.

Unloading 16 unused Assets to reduce memory usage. Loaded Objects now: 2821.
Total: 4.668600 ms (FindLiveObjects: 0.477600 ms CreateObjectMapping: 0.135200 ms MarkObjects: 4.020900 ms  DeleteObjects: 0.032600 ms)

AssetImportParameters requested are different than current active one (requested -> active):
  custom:framework-win-MediaFoundation: 216162199b28c13a410421893ffa2e32 -> 
  custom:video-decoder-ogg-theora: a1e56fd34408186e4bbccfd4996cb3dc -> 
  custom:container-muxer-webm: aa71ff27fc2769a1b78a27578f13a17b -> 
  custom:container-demuxer-webm: 4f35f7cbe854078d1ac9338744f61a02 -> 
  custom:container-demuxer-ogg: 62fdf1f143b41e24485cea50d1cbac27 -> 
  custom:video-encoder-webm-vp8: eb34c28f22e8b96e1ab97ce403110664 -> 
  custom:video-decoder-webm-vp8: 9c59270c3fd7afecdb556c50c9e8de78 -> 
  custom:audio-decoder-ogg-vorbis: bf7c407c2cedff20999df2af8eb42d56 -> 
  custom:audio-encoder-webm-vorbis: bf7c407c2cedff20999df2af8eb42d56 -> 
========================================================================
Received Import Request.
  Time since last request: 5.376320 seconds.
  path: Assets/LevelPieces/LevelBlock S To West.prefab
  artifactKey: Guid(2073cba55421ef04398038331126d497) Importer(815301076,1909f56bfc062723c751e8b465ee728b)
Start importing Assets/LevelPieces/LevelBlock S To West.prefab using Guid(2073cba55421ef04398038331126d497) Importer(815301076,1909f56bfc062723c751e8b465ee728b)  -> (artifact id: 'ac855ade05ea53a84cd750202a1b4de5') in 0.109979 seconds 
  Import took 0.117603 seconds .

========================================================================
Received Import Request.
  Time since last request: 45.995551 seconds.
  path: Assets/LevelPieces/LevelBlock S To East.prefab
  artifactKey: Guid(96d1c3912701e4847a767b776f19d1e4) Importer(815301076,1909f56bfc062723c751e8b465ee728b)
Start importing Assets/LevelPieces/LevelBlock S To East.prefab using Guid(96d1c3912701e4847a767b776f19d1e4) Importer(815301076,1909f56bfc062723c751e8b465ee728b)  -> (artifact id: '1ddb69fc1f271a760c01c9e09b67b878') in 0.013872 seconds 
  Import took 0.019035 seconds .

========================================================================
Received Import Request.
  Time since last request: 2.854725 seconds.
  path: Assets/LevelPieces/LevelBlock E To North.prefab
  artifactKey: Guid(fef2ca783579a5f46878bd5e8f24c6b1) Importer(815301076,1909f56bfc062723c751e8b465ee728b)
Start importing Assets/LevelPieces/LevelBlock E To North.prefab using Guid(fef2ca783579a5f46878bd5e8f24c6b1) Importer(815301076,1909f56bfc062723c751e8b465ee728b)  -> (artifact id: 'b5354495fff71e14fed597d1eaf434b3') in 0.024332 seconds 
  Import took 0.027771 seconds .

========================================================================
Received Import Request.
  Time since last request: 2.012069 seconds.
  path: Assets/LevelPieces/LevelBlock W To North.prefab
  artifactKey: Guid(21e152a04432e934daa8a92d3315e925) Importer(815301076,1909f56bfc062723c751e8b465ee728b)
Start importing Assets/LevelPieces/LevelBlock W To North.prefab using Guid(21e152a04432e934daa8a92d3315e925) Importer(815301076,1909f56bfc062723c751e8b465ee728b)  -> (artifact id: '5dec7ceff56bbe503f4cb570e3ceb8a5') in 0.023847 seconds 
  Import took 0.027872 seconds .

========================================================================
Received Prepare
Registering precompiled user dll's ...
Registered in 0.002460 seconds.
Begin MonoManager ReloadAssembly
Native extension for WindowsStandalone target not found
Native extension for WebGL target not found
Refreshing native plugins compatible for Editor in 0.73 ms, found 2 plugins.
Preloading 0 native plugins for Editor in 0.00 ms.
Mono: successfully reloaded assembly
- Completed reload, in  0.984 seconds
Domain Reload Profiling:
	ReloadAssembly (984ms)
		BeginReloadAssembly (105ms)
			ExecutionOrderSort (0ms)
			DisableScriptedObjects (4ms)
			BackupInstance (0ms)
			ReleaseScriptingObjects (0ms)
			CreateAndSetChildDomain (34ms)
		EndReloadAssembly (820ms)
			LoadAssemblies (96ms)
			RebuildTransferFunctionScriptingTraits (0ms)
			SetupTypeCache (251ms)
			ReleaseScriptCaches (1ms)
			RebuildScriptCaches (34ms)
			SetupLoadedEditorAssemblies (344ms)
				LogAssemblyErrors (0ms)
				InitializePlatformSupportModulesInManaged (5ms)
				SetLoadedEditorAssemblies (1ms)
				RefreshPlugins (1ms)
				BeforeProcessingInitializeOnLoad (72ms)
				ProcessInitializeOnLoadAttributes (254ms)
				ProcessInitializeOnLoadMethodAttributes (9ms)
				AfterProcessingInitializeOnLoad (2ms)
				EditorAssembliesLoaded (0ms)
			ExecutionOrderSort2 (0ms)
			AwakeInstancesAfterBackupRestoration (6ms)
Platform modules already initialized, skipping
Refreshing native plugins compatible for Editor in 0.52 ms, found 2 plugins.
Preloading 0 native plugins for Editor in 0.00 ms.
Unloading 2323 Unused Serialized files (Serialized files now loaded: 0)
System memory in use before: 103.4 MB.
System memory in use after: 103.6 MB.

Unloading 16 unused Assets to reduce memory usage. Loaded Objects now: 2824.
Total: 2.787100 ms (FindLiveObjects: 0.259800 ms CreateObjectMapping: 0.112100 ms MarkObjects: 2.396400 ms  DeleteObjects: 0.018100 ms)

AssetImportParameters requested are different than current active one (requested -> active):
  custom:framework-win-MediaFoundation: 216162199b28c13a410421893ffa2e32 -> 
  custom:video-decoder-ogg-theora: a1e56fd34408186e4bbccfd4996cb3dc -> 
  custom:container-muxer-webm: aa71ff27fc2769a1b78a27578f13a17b -> 
  custom:container-demuxer-webm: 4f35f7cbe854078d1ac9338744f61a02 -> 
  custom:container-demuxer-ogg: 62fdf1f143b41e24485cea50d1cbac27 -> 
  custom:video-encoder-webm-vp8: eb34c28f22e8b96e1ab97ce403110664 -> 
  custom:video-decoder-webm-vp8: 9c59270c3fd7afecdb556c50c9e8de78 -> 
  custom:audio-decoder-ogg-vorbis: bf7c407c2cedff20999df2af8eb42d56 -> 
  custom:audio-encoder-webm-vorbis: bf7c407c2cedff20999df2af8eb42d56 -> 
========================================================================
Received Import Request.
  Time since last request: 120.329363 seconds.
  path: Assets/LevelPieces/LevelBlock S To East.prefab
  artifactKey: Guid(96d1c3912701e4847a767b776f19d1e4) Importer(815301076,1909f56bfc062723c751e8b465ee728b)
Start importing Assets/LevelPieces/LevelBlock S To East.prefab using Guid(96d1c3912701e4847a767b776f19d1e4) Importer(815301076,1909f56bfc062723c751e8b465ee728b)  -> (artifact id: '7a77ecc9f49f542f86e41fefa7906613') in 0.055170 seconds 
  Import took 0.058574 seconds .

========================================================================
Received Prepare
Registering precompiled user dll's ...
Registered in 0.002477 seconds.
Begin MonoManager ReloadAssembly
Native extension for WindowsStandalone target not found
Native extension for WebGL target not found
Refreshing native plugins compatible for Editor in 0.84 ms, found 2 plugins.
Preloading 0 native plugins for Editor in 0.00 ms.
Mono: successfully reloaded assembly
- Completed reload, in  1.080 seconds
Domain Reload Profiling:
	ReloadAssembly (1081ms)
		BeginReloadAssembly (100ms)
			ExecutionOrderSort (0ms)
			DisableScriptedObjects (4ms)
			BackupInstance (0ms)
			ReleaseScriptingObjects (0ms)
			CreateAndSetChildDomain (29ms)
		EndReloadAssembly (932ms)
			LoadAssemblies (81ms)
			RebuildTransferFunctionScriptingTraits (0ms)
			SetupTypeCache (266ms)
			ReleaseScriptCaches (1ms)
			RebuildScriptCaches (56ms)
			SetupLoadedEditorAssemblies (400ms)
				LogAssemblyErrors (0ms)
				InitializePlatformSupportModulesInManaged (4ms)
				SetLoadedEditorAssemblies (0ms)
				RefreshPlugins (1ms)
				BeforeProcessingInitializeOnLoad (78ms)
				ProcessInitializeOnLoadAttributes (303ms)
				ProcessInitializeOnLoadMethodAttributes (10ms)
				AfterProcessingInitializeOnLoad (3ms)
				EditorAssembliesLoaded (0ms)
			ExecutionOrderSort2 (0ms)
			AwakeInstancesAfterBackupRestoration (9ms)
Platform modules already initialized, skipping
Refreshing native plugins compatible for Editor in 0.96 ms, found 2 plugins.
Preloading 0 native plugins for Editor in 0.00 ms.
Unloading 2323 Unused Serialized files (Serialized files now loaded: 0)
System memory in use before: 103.5 MB.
System memory in use after: 103.7 MB.

Unloading 16 unused Assets to reduce memory usage. Loaded Objects now: 2827.
Total: 7.191600 ms (FindLiveObjects: 0.605000 ms CreateObjectMapping: 0.396400 ms MarkObjects: 6.124300 ms  DeleteObjects: 0.064000 ms)

AssetImportParameters requested are different than current active one (requested -> active):
  custom:framework-win-MediaFoundation: 216162199b28c13a410421893ffa2e32 -> 
  custom:video-decoder-ogg-theora: a1e56fd34408186e4bbccfd4996cb3dc -> 
  custom:container-muxer-webm: aa71ff27fc2769a1b78a27578f13a17b -> 
  custom:container-demuxer-webm: 4f35f7cbe854078d1ac9338744f61a02 -> 
  custom:container-demuxer-ogg: 62fdf1f143b41e24485cea50d1cbac27 -> 
  custom:video-encoder-webm-vp8: eb34c28f22e8b96e1ab97ce403110664 -> 
  custom:video-decoder-webm-vp8: 9c59270c3fd7afecdb556c50c9e8de78 -> 
  custom:audio-decoder-ogg-vorbis: bf7c407c2cedff20999df2af8eb42d56 -> 
  custom:audio-encoder-webm-vorbis: bf7c407c2cedff20999df2af8eb42d56 -> 
========================================================================
Received Import Request.
  Time since last request: 4.851911 seconds.
  path: Assets/LevelPieces/LevelBlock S To East.prefab
  artifactKey: Guid(96d1c3912701e4847a767b776f19d1e4) Importer(815301076,1909f56bfc062723c751e8b465ee728b)
Start importing Assets/LevelPieces/LevelBlock S To East.prefab using Guid(96d1c3912701e4847a767b776f19d1e4) Importer(815301076,1909f56bfc062723c751e8b465ee728b)  -> (artifact id: '704e822f154747ea426afbe4f7f0240d') in 0.110915 seconds 
  Import took 0.117773 seconds .

========================================================================
Received Import Request.
  Time since last request: 75.167459 seconds.
  path: Assets/LevelPieces/LevelBlock E To North.prefab
  artifactKey: Guid(fef2ca783579a5f46878bd5e8f24c6b1) Importer(815301076,1909f56bfc062723c751e8b465ee728b)
Start importing Assets/LevelPieces/LevelBlock E To North.prefab using Guid(fef2ca783579a5f46878bd5e8f24c6b1) Importer(815301076,1909f56bfc062723c751e8b465ee728b)  -> (artifact id: '849e2530914a3d116ddc7790a224ac02') in 0.014977 seconds 
  Import took 0.019870 seconds .

========================================================================
Received Prepare
Registering precompiled user dll's ...
Registered in 0.002643 seconds.
Begin MonoManager ReloadAssembly
Native extension for WindowsStandalone target not found
Native extension for WebGL target not found
Refreshing native plugins compatible for Editor in 0.51 ms, found 2 plugins.
Preloading 0 native plugins for Editor in 0.00 ms.
Mono: successfully reloaded assembly
- Completed reload, in  0.934 seconds
Domain Reload Profiling:
	ReloadAssembly (935ms)
		BeginReloadAssembly (106ms)
			ExecutionOrderSort (0ms)
			DisableScriptedObjects (4ms)
			BackupInstance (0ms)
			ReleaseScriptingObjects (0ms)
			CreateAndSetChildDomain (30ms)
		EndReloadAssembly (771ms)
			LoadAssemblies (102ms)
			RebuildTransferFunctionScriptingTraits (0ms)
			SetupTypeCache (252ms)
			ReleaseScriptCaches (2ms)
			RebuildScriptCaches (41ms)
			SetupLoadedEditorAssemblies (293ms)
				LogAssemblyErrors (0ms)
				InitializePlatformSupportModulesInManaged (4ms)
				SetLoadedEditorAssemblies (0ms)
				RefreshPlugins (1ms)
				BeforeProcessingInitializeOnLoad (62ms)
				ProcessInitializeOnLoadAttributes (216ms)
				ProcessInitializeOnLoadMethodAttributes (8ms)
				AfterProcessingInitializeOnLoad (2ms)
				EditorAssembliesLoaded (0ms)
			ExecutionOrderSort2 (0ms)
			AwakeInstancesAfterBackupRestoration (6ms)
Platform modules already initialized, skipping
Refreshing native plugins compatible for Editor in 0.47 ms, found 2 plugins.
Preloading 0 native plugins for Editor in 0.00 ms.
Unloading 2323 Unused Serialized files (Serialized files now loaded: 0)
System memory in use before: 103.5 MB.
System memory in use after: 103.8 MB.

Unloading 16 unused Assets to reduce memory usage. Loaded Objects now: 2830.
Total: 2.825400 ms (FindLiveObjects: 0.192000 ms CreateObjectMapping: 0.092100 ms MarkObjects: 2.521800 ms  DeleteObjects: 0.018900 ms)

AssetImportParameters requested are different than current active one (requested -> active):
  custom:framework-win-MediaFoundation: 216162199b28c13a410421893ffa2e32 -> 
  custom:video-decoder-ogg-theora: a1e56fd34408186e4bbccfd4996cb3dc -> 
  custom:container-muxer-webm: aa71ff27fc2769a1b78a27578f13a17b -> 
  custom:container-demuxer-webm: 4f35f7cbe854078d1ac9338744f61a02 -> 
  custom:container-demuxer-ogg: 62fdf1f143b41e24485cea50d1cbac27 -> 
  custom:video-encoder-webm-vp8: eb34c28f22e8b96e1ab97ce403110664 -> 
  custom:video-decoder-webm-vp8: 9c59270c3fd7afecdb556c50c9e8de78 -> 
  custom:audio-decoder-ogg-vorbis: bf7c407c2cedff20999df2af8eb42d56 -> 
  custom:audio-encoder-webm-vorbis: bf7c407c2cedff20999df2af8eb42d56 -> 
========================================================================
Received Import Request.
  Time since last request: 451.905382 seconds.
  path: Assets/LevelPieces/West North.asset
  artifactKey: Guid(461789ba594a625449a6e423bcafa4ce) Importer(815301076,1909f56bfc062723c751e8b465ee728b)
Start importing Assets/LevelPieces/West North.asset using Guid(461789ba594a625449a6e423bcafa4ce) Importer(815301076,1909f56bfc062723c751e8b465ee728b)  -> (artifact id: '47f820e7a1bcee9064f3a63f499d8def') in 0.030240 seconds 
  Import took 0.034225 seconds .

========================================================================
Received Import Request.
  Time since last request: 1.028031 seconds.
  path: Assets/LevelPieces/South West.asset
  artifactKey: Guid(72df4c709535dd04eac53991248b7b8f) Importer(815301076,1909f56bfc062723c751e8b465ee728b)
Start importing Assets/LevelPieces/South West.asset using Guid(72df4c709535dd04eac53991248b7b8f) Importer(815301076,1909f56bfc062723c751e8b465ee728b)  -> (artifact id: '44e183ce42772154aeadb3e47b181274') in 0.005276 seconds 
  Import took 0.009926 seconds .

========================================================================
Received Import Request.
  Time since last request: 0.241227 seconds.
  path: Assets/LevelPieces/LevelBlock W To North.prefab
  artifactKey: Guid(21e152a04432e934daa8a92d3315e925) Importer(815301076,1909f56bfc062723c751e8b465ee728b)
Start importing Assets/LevelPieces/LevelBlock W To North.prefab using Guid(21e152a04432e934daa8a92d3315e925) Importer(815301076,1909f56bfc062723c751e8b465ee728b)  -> (artifact id: '7fa7fc660bda559ad131961e1157e08e') in 0.043372 seconds 
  Import took 0.047378 seconds .

========================================================================
Received Prepare
Registering precompiled user dll's ...
Registered in 0.003020 seconds.
Begin MonoManager ReloadAssembly
Native extension for WindowsStandalone target not found
Native extension for WebGL target not found
Refreshing native plugins compatible for Editor in 0.46 ms, found 2 plugins.
Preloading 0 native plugins for Editor in 0.00 ms.
Mono: successfully reloaded assembly
- Completed reload, in  0.902 seconds
Domain Reload Profiling:
	ReloadAssembly (902ms)
		BeginReloadAssembly (102ms)
			ExecutionOrderSort (0ms)
			DisableScriptedObjects (4ms)
			BackupInstance (0ms)
			ReleaseScriptingObjects (0ms)
			CreateAndSetChildDomain (31ms)
		EndReloadAssembly (752ms)
			LoadAssemblies (83ms)
			RebuildTransferFunctionScriptingTraits (0ms)
			SetupTypeCache (249ms)
			ReleaseScriptCaches (1ms)
			RebuildScriptCaches (40ms)
			SetupLoadedEditorAssemblies (298ms)
				LogAssemblyErrors (0ms)
				InitializePlatformSupportModulesInManaged (4ms)
				SetLoadedEditorAssemblies (0ms)
				RefreshPlugins (0ms)
				BeforeProcessingInitializeOnLoad (57ms)
				ProcessInitializeOnLoadAttributes (227ms)
				ProcessInitializeOnLoadMethodAttributes (7ms)
				AfterProcessingInitializeOnLoad (2ms)
				EditorAssembliesLoaded (0ms)
			ExecutionOrderSort2 (0ms)
			AwakeInstancesAfterBackupRestoration (6ms)
Platform modules already initialized, skipping
Refreshing native plugins compatible for Editor in 0.49 ms, found 2 plugins.
Preloading 0 native plugins for Editor in 0.00 ms.
Unloading 2323 Unused Serialized files (Serialized files now loaded: 0)
System memory in use before: 103.6 MB.
System memory in use after: 103.8 MB.

Unloading 16 unused Assets to reduce memory usage. Loaded Objects now: 2833.
Total: 2.802000 ms (FindLiveObjects: 0.228700 ms CreateObjectMapping: 0.096900 ms MarkObjects: 2.458000 ms  DeleteObjects: 0.017600 ms)

AssetImportParameters requested are different than current active one (requested -> active):
  custom:framework-win-MediaFoundation: 216162199b28c13a410421893ffa2e32 -> 
  custom:video-decoder-ogg-theora: a1e56fd34408186e4bbccfd4996cb3dc -> 
  custom:container-muxer-webm: aa71ff27fc2769a1b78a27578f13a17b -> 
  custom:container-demuxer-webm: 4f35f7cbe854078d1ac9338744f61a02 -> 
  custom:container-demuxer-ogg: 62fdf1f143b41e24485cea50d1cbac27 -> 
  custom:video-encoder-webm-vp8: eb34c28f22e8b96e1ab97ce403110664 -> 
  custom:video-decoder-webm-vp8: 9c59270c3fd7afecdb556c50c9e8de78 -> 
  custom:audio-decoder-ogg-vorbis: bf7c407c2cedff20999df2af8eb42d56 -> 
  custom:audio-encoder-webm-vorbis: bf7c407c2cedff20999df2af8eb42d56 -> 
========================================================================
Received Import Request.
  Time since last request: 215.975447 seconds.
  path: Assets/LevelPieces/East North.asset
  artifactKey: Guid(8bb8b7d871ee8de4aac3c7669394992c) Importer(815301076,1909f56bfc062723c751e8b465ee728b)
Start importing Assets/LevelPieces/East North.asset using Guid(8bb8b7d871ee8de4aac3c7669394992c) Importer(815301076,1909f56bfc062723c751e8b465ee728b)  -> (artifact id: '45beeffe5e24ebe146e14f057d6e0969') in 0.036959 seconds 
  Import took 0.042811 seconds .

========================================================================
Received Import Request.
  Time since last request: 0.707364 seconds.
  path: Assets/LevelPieces/South East.asset
  artifactKey: Guid(ddcc656e5a570c14094541214e773eb6) Importer(815301076,1909f56bfc062723c751e8b465ee728b)
Start importing Assets/LevelPieces/South East.asset using Guid(ddcc656e5a570c14094541214e773eb6) Importer(815301076,1909f56bfc062723c751e8b465ee728b)  -> (artifact id: 'd8072742e42c7e40b374d8272dd61d1b') in 0.007256 seconds 
  Import took 0.012741 seconds .

========================================================================
Received Import Request.
  Time since last request: 2.409441 seconds.
  path: Assets/LevelPieces/LevelBlock S To West.prefab
  artifactKey: Guid(2073cba55421ef04398038331126d497) Importer(815301076,1909f56bfc062723c751e8b465ee728b)
Start importing Assets/LevelPieces/LevelBlock S To West.prefab using Guid(2073cba55421ef04398038331126d497) Importer(815301076,1909f56bfc062723c751e8b465ee728b)  -> (artifact id: '671043cb1fd970d4b52a93a953f3face') in 0.058508 seconds 
  Import took 0.064397 seconds .

========================================================================
Received Import Request.
  Time since last request: 0.204774 seconds.
  path: Assets/LevelPieces/LevelBlock S To North.prefab
  artifactKey: Guid(61df4719d5c659f4abe752e88c8c6744) Importer(815301076,1909f56bfc062723c751e8b465ee728b)
Start importing Assets/LevelPieces/LevelBlock S To North.prefab using Guid(61df4719d5c659f4abe752e88c8c6744) Importer(815301076,1909f56bfc062723c751e8b465ee728b)  -> (artifact id: '4062e54a582de7f6cfa0a69feca9b25d') in 0.029349 seconds 
  Import took 0.035071 seconds .

========================================================================
Received Import Request.
  Time since last request: 3.265126 seconds.
  path: Assets/LevelPieces/LevelBlock S To East.prefab
  artifactKey: Guid(96d1c3912701e4847a767b776f19d1e4) Importer(815301076,1909f56bfc062723c751e8b465ee728b)
Start importing Assets/LevelPieces/LevelBlock S To East.prefab using Guid(96d1c3912701e4847a767b776f19d1e4) Importer(815301076,1909f56bfc062723c751e8b465ee728b)  -> (artifact id: 'f308bd4a08d3eeb04e43f950f879b694') in 0.019107 seconds 
  Import took 0.026039 seconds .

========================================================================
Received Prepare
Registering precompiled user dll's ...
Registered in 0.002832 seconds.
Begin MonoManager ReloadAssembly
Native extension for WindowsStandalone target not found
Native extension for WebGL target not found
Refreshing native plugins compatible for Editor in 1.49 ms, found 2 plugins.
Preloading 0 native plugins for Editor in 0.00 ms.
Mono: successfully reloaded assembly
- Completed reload, in  1.256 seconds
Domain Reload Profiling:
	ReloadAssembly (1257ms)
		BeginReloadAssembly (130ms)
			ExecutionOrderSort (0ms)
			DisableScriptedObjects (5ms)
			BackupInstance (0ms)
			ReleaseScriptingObjects (0ms)
			CreateAndSetChildDomain (49ms)
		EndReloadAssembly (1075ms)
			LoadAssemblies (89ms)
			RebuildTransferFunctionScriptingTraits (0ms)
			SetupTypeCache (283ms)
			ReleaseScriptCaches (1ms)
			RebuildScriptCaches (53ms)
			SetupLoadedEditorAssemblies (499ms)
				LogAssemblyErrors (0ms)
				InitializePlatformSupportModulesInManaged (6ms)
				SetLoadedEditorAssemblies (1ms)
				RefreshPlugins (2ms)
				BeforeProcessingInitializeOnLoad (101ms)
				ProcessInitializeOnLoadAttributes (372ms)
				ProcessInitializeOnLoadMethodAttributes (13ms)
				AfterProcessingInitializeOnLoad (3ms)
				EditorAssembliesLoaded (1ms)
			ExecutionOrderSort2 (0ms)
			AwakeInstancesAfterBackupRestoration (11ms)
Platform modules already initialized, skipping
Refreshing native plugins compatible for Editor in 0.80 ms, found 2 plugins.
Preloading 0 native plugins for Editor in 0.00 ms.
Unloading 2323 Unused Serialized files (Serialized files now loaded: 0)
System memory in use before: 103.6 MB.
System memory in use after: 103.8 MB.

Unloading 16 unused Assets to reduce memory usage. Loaded Objects now: 2836.
Total: 5.166100 ms (FindLiveObjects: 0.471100 ms CreateObjectMapping: 0.414300 ms MarkObjects: 4.235100 ms  DeleteObjects: 0.043900 ms)

AssetImportParameters requested are different than current active one (requested -> active):
  custom:framework-win-MediaFoundation: 216162199b28c13a410421893ffa2e32 -> 
  custom:video-decoder-ogg-theora: a1e56fd34408186e4bbccfd4996cb3dc -> 
  custom:container-muxer-webm: aa71ff27fc2769a1b78a27578f13a17b -> 
  custom:container-demuxer-webm: 4f35f7cbe854078d1ac9338744f61a02 -> 
  custom:container-demuxer-ogg: 62fdf1f143b41e24485cea50d1cbac27 -> 
  custom:video-encoder-webm-vp8: eb34c28f22e8b96e1ab97ce403110664 -> 
  custom:video-decoder-webm-vp8: 9c59270c3fd7afecdb556c50c9e8de78 -> 
  custom:audio-decoder-ogg-vorbis: bf7c407c2cedff20999df2af8eb42d56 -> 
  custom:audio-encoder-webm-vorbis: bf7c407c2cedff20999df2af8eb42d56 -> 
========================================================================
Received Import Request.
  Time since last request: 6.855119 seconds.
  path: Assets/LevelPieces/LevelBlock S To East.prefab
  artifactKey: Guid(96d1c3912701e4847a767b776f19d1e4) Importer(815301076,1909f56bfc062723c751e8b465ee728b)
Start importing Assets/LevelPieces/LevelBlock S To East.prefab using Guid(96d1c3912701e4847a767b776f19d1e4) Importer(815301076,1909f56bfc062723c751e8b465ee728b)  -> (artifact id: '778ee3e395dec083f6e650a85e166600') in 0.116175 seconds 
  Import took 0.126323 seconds .

========================================================================
Received Prepare
Registering precompiled user dll's ...
Registered in 0.002535 seconds.
Begin MonoManager ReloadAssembly
Native extension for WindowsStandalone target not found
Native extension for WebGL target not found
Refreshing native plugins compatible for Editor in 0.45 ms, found 2 plugins.
Preloading 0 native plugins for Editor in 0.00 ms.
Mono: successfully reloaded assembly
- Completed reload, in  0.890 seconds
Domain Reload Profiling:
	ReloadAssembly (890ms)
		BeginReloadAssembly (118ms)
			ExecutionOrderSort (0ms)
			DisableScriptedObjects (4ms)
			BackupInstance (0ms)
			ReleaseScriptingObjects (0ms)
			CreateAndSetChildDomain (41ms)
		EndReloadAssembly (722ms)
			LoadAssemblies (84ms)
			RebuildTransferFunctionScriptingTraits (0ms)
			SetupTypeCache (249ms)
			ReleaseScriptCaches (1ms)
			RebuildScriptCaches (34ms)
			SetupLoadedEditorAssemblies (281ms)
				LogAssemblyErrors (0ms)
				InitializePlatformSupportModulesInManaged (4ms)
				SetLoadedEditorAssemblies (0ms)
				RefreshPlugins (0ms)
				BeforeProcessingInitializeOnLoad (57ms)
				ProcessInitializeOnLoadAttributes (209ms)
				ProcessInitializeOnLoadMethodAttributes (7ms)
				AfterProcessingInitializeOnLoad (2ms)
				EditorAssembliesLoaded (0ms)
			ExecutionOrderSort2 (0ms)
			AwakeInstancesAfterBackupRestoration (6ms)
Platform modules already initialized, skipping
Refreshing native plugins compatible for Editor in 0.65 ms, found 2 plugins.
Preloading 0 native plugins for Editor in 0.00 ms.
Unloading 2323 Unused Serialized files (Serialized files now loaded: 0)
System memory in use before: 103.5 MB.
System memory in use after: 103.7 MB.

Unloading 16 unused Assets to reduce memory usage. Loaded Objects now: 2839.
Total: 2.843000 ms (FindLiveObjects: 0.243300 ms CreateObjectMapping: 0.123400 ms MarkObjects: 2.456700 ms  DeleteObjects: 0.018900 ms)

AssetImportParameters requested are different than current active one (requested -> active):
  custom:framework-win-MediaFoundation: 216162199b28c13a410421893ffa2e32 -> 
  custom:video-decoder-ogg-theora: a1e56fd34408186e4bbccfd4996cb3dc -> 
  custom:container-muxer-webm: aa71ff27fc2769a1b78a27578f13a17b -> 
  custom:container-demuxer-webm: 4f35f7cbe854078d1ac9338744f61a02 -> 
  custom:container-demuxer-ogg: 62fdf1f143b41e24485cea50d1cbac27 -> 
  custom:video-encoder-webm-vp8: eb34c28f22e8b96e1ab97ce403110664 -> 
  custom:video-decoder-webm-vp8: 9c59270c3fd7afecdb556c50c9e8de78 -> 
  custom:audio-decoder-ogg-vorbis: bf7c407c2cedff20999df2af8eb42d56 -> 
  custom:audio-encoder-webm-vorbis: bf7c407c2cedff20999df2af8eb42d56 -> 
========================================================================
Received Import Request.
  Time since last request: 319.867300 seconds.
  path: Assets/LevelPieces/LevelBlock E To North.prefab
  artifactKey: Guid(fef2ca783579a5f46878bd5e8f24c6b1) Importer(815301076,1909f56bfc062723c751e8b465ee728b)
Start importing Assets/LevelPieces/LevelBlock E To North.prefab using Guid(fef2ca783579a5f46878bd5e8f24c6b1) Importer(815301076,1909f56bfc062723c751e8b465ee728b)  -> (artifact id: 'e0509c33b9d1feaacaddd5de9a356731') in 0.066144 seconds 
  Import took 0.072393 seconds .

========================================================================
Received Prepare
Registering precompiled user dll's ...
Registered in 0.002400 seconds.
Begin MonoManager ReloadAssembly
Native extension for WindowsStandalone target not found
Native extension for WebGL target not found
Refreshing native plugins compatible for Editor in 0.50 ms, found 2 plugins.
Preloading 0 native plugins for Editor in 0.00 ms.
Mono: successfully reloaded assembly
- Completed reload, in  0.988 seconds
Domain Reload Profiling:
	ReloadAssembly (989ms)
		BeginReloadAssembly (181ms)
			ExecutionOrderSort (0ms)
			DisableScriptedObjects (5ms)
			BackupInstance (0ms)
			ReleaseScriptingObjects (0ms)
			CreateAndSetChildDomain (64ms)
		EndReloadAssembly (742ms)
			LoadAssemblies (113ms)
			RebuildTransferFunctionScriptingTraits (0ms)
			SetupTypeCache (246ms)
			ReleaseScriptCaches (1ms)
			RebuildScriptCaches (35ms)
			SetupLoadedEditorAssemblies (289ms)
				LogAssemblyErrors (0ms)
				InitializePlatformSupportModulesInManaged (4ms)
				SetLoadedEditorAssemblies (0ms)
				RefreshPlugins (1ms)
				BeforeProcessingInitializeOnLoad (63ms)
				ProcessInitializeOnLoadAttributes (212ms)
				ProcessInitializeOnLoadMethodAttributes (7ms)
				AfterProcessingInitializeOnLoad (2ms)
				EditorAssembliesLoaded (0ms)
			ExecutionOrderSort2 (0ms)
			AwakeInstancesAfterBackupRestoration (6ms)
Platform modules already initialized, skipping
Refreshing native plugins compatible for Editor in 0.53 ms, found 2 plugins.
Preloading 0 native plugins for Editor in 0.00 ms.
Unloading 2323 Unused Serialized files (Serialized files now loaded: 0)
System memory in use before: 103.6 MB.
System memory in use after: 103.8 MB.

Unloading 16 unused Assets to reduce memory usage. Loaded Objects now: 2842.
Total: 3.041300 ms (FindLiveObjects: 0.214700 ms CreateObjectMapping: 0.086700 ms MarkObjects: 2.709900 ms  DeleteObjects: 0.029000 ms)

AssetImportParameters requested are different than current active one (requested -> active):
  custom:framework-win-MediaFoundation: 216162199b28c13a410421893ffa2e32 -> 
  custom:video-decoder-ogg-theora: a1e56fd34408186e4bbccfd4996cb3dc -> 
  custom:container-muxer-webm: aa71ff27fc2769a1b78a27578f13a17b -> 
  custom:container-demuxer-webm: 4f35f7cbe854078d1ac9338744f61a02 -> 
  custom:container-demuxer-ogg: 62fdf1f143b41e24485cea50d1cbac27 -> 
  custom:video-encoder-webm-vp8: eb34c28f22e8b96e1ab97ce403110664 -> 
  custom:video-decoder-webm-vp8: 9c59270c3fd7afecdb556c50c9e8de78 -> 
  custom:audio-decoder-ogg-vorbis: bf7c407c2cedff20999df2af8eb42d56 -> 
  custom:audio-encoder-webm-vorbis: bf7c407c2cedff20999df2af8eb42d56 -> 
========================================================================
Received Prepare
Registering precompiled user dll's ...
Registered in 0.002579 seconds.
Begin MonoManager ReloadAssembly
Native extension for WindowsStandalone target not found
Native extension for WebGL target not found
Refreshing native plugins compatible for Editor in 0.47 ms, found 2 plugins.
Preloading 0 native plugins for Editor in 0.00 ms.
Mono: successfully reloaded assembly
- Completed reload, in  0.873 seconds
Domain Reload Profiling:
	ReloadAssembly (873ms)
		BeginReloadAssembly (95ms)
			ExecutionOrderSort (0ms)
			DisableScriptedObjects (4ms)
			BackupInstance (0ms)
			ReleaseScriptingObjects (0ms)
			CreateAndSetChildDomain (28ms)
		EndReloadAssembly (732ms)
			LoadAssemblies (77ms)
			RebuildTransferFunctionScriptingTraits (0ms)
			SetupTypeCache (242ms)
			ReleaseScriptCaches (1ms)
			RebuildScriptCaches (34ms)
			SetupLoadedEditorAssemblies (294ms)
				LogAssemblyErrors (0ms)
				InitializePlatformSupportModulesInManaged (4ms)
				SetLoadedEditorAssemblies (0ms)
				RefreshPlugins (1ms)
				BeforeProcessingInitializeOnLoad (57ms)
				ProcessInitializeOnLoadAttributes (223ms)
				ProcessInitializeOnLoadMethodAttributes (7ms)
				AfterProcessingInitializeOnLoad (2ms)
				EditorAssembliesLoaded (0ms)
			ExecutionOrderSort2 (0ms)
			AwakeInstancesAfterBackupRestoration (6ms)
Platform modules already initialized, skipping
Refreshing native plugins compatible for Editor in 0.48 ms, found 2 plugins.
Preloading 0 native plugins for Editor in 0.00 ms.
Unloading 2323 Unused Serialized files (Serialized files now loaded: 0)
System memory in use before: 103.6 MB.
System memory in use after: 103.8 MB.

Unloading 16 unused Assets to reduce memory usage. Loaded Objects now: 2844.
Total: 2.885800 ms (FindLiveObjects: 0.188900 ms CreateObjectMapping: 0.103900 ms MarkObjects: 2.574100 ms  DeleteObjects: 0.018200 ms)

AssetImportParameters requested are different than current active one (requested -> active):
  custom:framework-win-MediaFoundation: 216162199b28c13a410421893ffa2e32 -> 
  custom:video-decoder-ogg-theora: a1e56fd34408186e4bbccfd4996cb3dc -> 
  custom:container-muxer-webm: aa71ff27fc2769a1b78a27578f13a17b -> 
  custom:container-demuxer-webm: 4f35f7cbe854078d1ac9338744f61a02 -> 
  custom:container-demuxer-ogg: 62fdf1f143b41e24485cea50d1cbac27 -> 
  custom:video-encoder-webm-vp8: eb34c28f22e8b96e1ab97ce403110664 -> 
  custom:video-decoder-webm-vp8: 9c59270c3fd7afecdb556c50c9e8de78 -> 
  custom:audio-decoder-ogg-vorbis: bf7c407c2cedff20999df2af8eb42d56 -> 
  custom:audio-encoder-webm-vorbis: bf7c407c2cedff20999df2af8eb42d56 -> 
========================================================================
Received Import Request.
  Time since last request: 510.390640 seconds.
  path: Assets/LevelPieces/LevelBlock S To West.prefab
  artifactKey: Guid(2073cba55421ef04398038331126d497) Importer(815301076,1909f56bfc062723c751e8b465ee728b)
Start importing Assets/LevelPieces/LevelBlock S To West.prefab using Guid(2073cba55421ef04398038331126d497) Importer(815301076,1909f56bfc062723c751e8b465ee728b)  -> (artifact id: '8c145912cf2ccd15eace7aea71bbf4cd') in 0.060134 seconds 
  Import took 0.064141 seconds .

========================================================================
Received Import Request.
  Time since last request: 0.486350 seconds.
  path: Assets/LevelPieces/LevelBlock S To North.prefab
  artifactKey: Guid(61df4719d5c659f4abe752e88c8c6744) Importer(815301076,1909f56bfc062723c751e8b465ee728b)
Start importing Assets/LevelPieces/LevelBlock S To North.prefab using Guid(61df4719d5c659f4abe752e88c8c6744) Importer(815301076,1909f56bfc062723c751e8b465ee728b)  -> (artifact id: '3f3ec0a4b8efb0a33a978d5bcb6e347c') in 0.021513 seconds 
  Import took 0.025822 seconds .

========================================================================
Received Import Request.
  Time since last request: 4.599185 seconds.
  path: Assets/LevelPieces/LevelBlock W To North.prefab
  artifactKey: Guid(21e152a04432e934daa8a92d3315e925) Importer(815301076,1909f56bfc062723c751e8b465ee728b)
Start importing Assets/LevelPieces/LevelBlock W To North.prefab using Guid(21e152a04432e934daa8a92d3315e925) Importer(815301076,1909f56bfc062723c751e8b465ee728b)  -> (artifact id: '91dd31b66ef9c75a87f035af3b0e7217') in 0.016734 seconds 
  Import took 0.021202 seconds .

========================================================================
Received Import Request.
  Time since last request: 26.753673 seconds.
  path: Assets/LevelPieces/LevelBlock S To West.prefab
  artifactKey: Guid(2073cba55421ef04398038331126d497) Importer(815301076,1909f56bfc062723c751e8b465ee728b)
Start importing Assets/LevelPieces/LevelBlock S To West.prefab using Guid(2073cba55421ef04398038331126d497) Importer(815301076,1909f56bfc062723c751e8b465ee728b)  -> (artifact id: '732f074eacf77f8d4618a016f0d378a0') in 0.014730 seconds 
  Import took 0.018632 seconds .

========================================================================
Received Import Request.
  Time since last request: 0.830265 seconds.
  path: Assets/LevelPieces/LevelBlock W To North.prefab
  artifactKey: Guid(21e152a04432e934daa8a92d3315e925) Importer(815301076,1909f56bfc062723c751e8b465ee728b)
Start importing Assets/LevelPieces/LevelBlock W To North.prefab using Guid(21e152a04432e934daa8a92d3315e925) Importer(815301076,1909f56bfc062723c751e8b465ee728b)  -> (artifact id: 'fd58125fdf0d6dcd96075f5266d4b885') in 0.023398 seconds 
  Import took 0.026811 seconds .

========================================================================
Received Import Request.
  Time since last request: 16.437602 seconds.
  path: Assets/LevelPieces/LevelBlock S To West.prefab
  artifactKey: Guid(2073cba55421ef04398038331126d497) Importer(815301076,1909f56bfc062723c751e8b465ee728b)
Start importing Assets/LevelPieces/LevelBlock S To West.prefab using Guid(2073cba55421ef04398038331126d497) Importer(815301076,1909f56bfc062723c751e8b465ee728b)  -> (artifact id: 'a4839500ce47ea9862afa4c2842d25c0') in 0.026078 seconds 
  Import took 0.031217 seconds .

========================================================================
Received Import Request.
  Time since last request: 12.267836 seconds.
  path: Assets/LevelPieces/LevelBlock S To East.prefab
  artifactKey: Guid(96d1c3912701e4847a767b776f19d1e4) Importer(815301076,1909f56bfc062723c751e8b465ee728b)
Start importing Assets/LevelPieces/LevelBlock S To East.prefab using Guid(96d1c3912701e4847a767b776f19d1e4) Importer(815301076,1909f56bfc062723c751e8b465ee728b)  -> (artifact id: '50ed163cf75bb37e481620e1cff02c3d') in 0.025379 seconds 
  Import took 0.029079 seconds .

========================================================================
Received Import Request.
  Time since last request: 11.327448 seconds.
  path: Assets/LevelPieces/LevelBlock E To North.prefab
  artifactKey: Guid(fef2ca783579a5f46878bd5e8f24c6b1) Importer(815301076,1909f56bfc062723c751e8b465ee728b)
Start importing Assets/LevelPieces/LevelBlock E To North.prefab using Guid(fef2ca783579a5f46878bd5e8f24c6b1) Importer(815301076,1909f56bfc062723c751e8b465ee728b)  -> (artifact id: '85a446985e4c1a759c44d1970efc52fe') in 0.022156 seconds 
  Import took 0.025543 seconds .

========================================================================
Received Prepare
Registering precompiled user dll's ...
Registered in 0.003981 seconds.
Begin MonoManager ReloadAssembly
Native extension for WindowsStandalone target not found
Native extension for WebGL target not found
Refreshing native plugins compatible for Editor in 0.59 ms, found 2 plugins.
Preloading 0 native plugins for Editor in 0.00 ms.
Mono: successfully reloaded assembly
- Completed reload, in  0.986 seconds
Domain Reload Profiling:
	ReloadAssembly (986ms)
		BeginReloadAssembly (100ms)
			ExecutionOrderSort (0ms)
			DisableScriptedObjects (4ms)
			BackupInstance (0ms)
			ReleaseScriptingObjects (0ms)
			CreateAndSetChildDomain (29ms)
		EndReloadAssembly (837ms)
			LoadAssemblies (78ms)
			RebuildTransferFunctionScriptingTraits (0ms)
			SetupTypeCache (269ms)
			ReleaseScriptCaches (1ms)
			RebuildScriptCaches (40ms)
			SetupLoadedEditorAssemblies (318ms)
				LogAssemblyErrors (0ms)
				InitializePlatformSupportModulesInManaged (8ms)
				SetLoadedEditorAssemblies (1ms)
				RefreshPlugins (1ms)
				BeforeProcessingInitializeOnLoad (89ms)
				ProcessInitializeOnLoadAttributes (210ms)
				ProcessInitializeOnLoadMethodAttributes (7ms)
				AfterProcessingInitializeOnLoad (2ms)
				EditorAssembliesLoaded (0ms)
			ExecutionOrderSort2 (0ms)
			AwakeInstancesAfterBackupRestoration (6ms)
Platform modules already initialized, skipping
Refreshing native plugins compatible for Editor in 0.48 ms, found 2 plugins.
Preloading 0 native plugins for Editor in 0.00 ms.
Unloading 2323 Unused Serialized files (Serialized files now loaded: 0)
System memory in use before: 103.6 MB.
System memory in use after: 103.8 MB.

Unloading 16 unused Assets to reduce memory usage. Loaded Objects now: 2847.
Total: 2.946500 ms (FindLiveObjects: 0.254200 ms CreateObjectMapping: 0.123000 ms MarkObjects: 2.548500 ms  DeleteObjects: 0.019900 ms)

AssetImportParameters requested are different than current active one (requested -> active):
  custom:framework-win-MediaFoundation: 216162199b28c13a410421893ffa2e32 -> 
  custom:video-decoder-ogg-theora: a1e56fd34408186e4bbccfd4996cb3dc -> 
  custom:container-muxer-webm: aa71ff27fc2769a1b78a27578f13a17b -> 
  custom:container-demuxer-webm: 4f35f7cbe854078d1ac9338744f61a02 -> 
  custom:container-demuxer-ogg: 62fdf1f143b41e24485cea50d1cbac27 -> 
  custom:video-encoder-webm-vp8: eb34c28f22e8b96e1ab97ce403110664 -> 
  custom:video-decoder-webm-vp8: 9c59270c3fd7afecdb556c50c9e8de78 -> 
  custom:audio-decoder-ogg-vorbis: bf7c407c2cedff20999df2af8eb42d56 -> 
  custom:audio-encoder-webm-vorbis: bf7c407c2cedff20999df2af8eb42d56 -> 
========================================================================
Received Import Request.
  Time since last request: 113.100813 seconds.
  path: Assets/Scripts/TriggerExit.cs
  artifactKey: Guid(81a589eaa805e93419729a2906c3ed51) Importer(815301076,1909f56bfc062723c751e8b465ee728b)
Start importing Assets/Scripts/TriggerExit.cs using Guid(81a589eaa805e93419729a2906c3ed51) Importer(815301076,1909f56bfc062723c751e8b465ee728b)  -> (artifact id: '1bedce7a9766e44a7c7898805503fd31') in 0.010298 seconds 
  Import took 0.014271 seconds .

========================================================================
Received Prepare
Registering precompiled user dll's ...
Registered in 0.002099 seconds.
Begin MonoManager ReloadAssembly
Native extension for WindowsStandalone target not found
Native extension for WebGL target not found
Refreshing native plugins compatible for Editor in 0.94 ms, found 2 plugins.
Preloading 0 native plugins for Editor in 0.00 ms.
Mono: successfully reloaded assembly
- Completed reload, in  0.914 seconds
Domain Reload Profiling:
	ReloadAssembly (915ms)
		BeginReloadAssembly (114ms)
			ExecutionOrderSort (0ms)
			DisableScriptedObjects (4ms)
			BackupInstance (0ms)
			ReleaseScriptingObjects (0ms)
			CreateAndSetChildDomain (37ms)
		EndReloadAssembly (751ms)
			LoadAssemblies (90ms)
			RebuildTransferFunctionScriptingTraits (0ms)
			SetupTypeCache (254ms)
			ReleaseScriptCaches (1ms)
			RebuildScriptCaches (37ms)
			SetupLoadedEditorAssemblies (281ms)
				LogAssemblyErrors (0ms)
				InitializePlatformSupportModulesInManaged (4ms)
				SetLoadedEditorAssemblies (0ms)
				RefreshPlugins (1ms)
				BeforeProcessingInitializeOnLoad (64ms)
				ProcessInitializeOnLoadAttributes (204ms)
				ProcessInitializeOnLoadMethodAttributes (7ms)
				AfterProcessingInitializeOnLoad (2ms)
				EditorAssembliesLoaded (0ms)
			ExecutionOrderSort2 (0ms)
			AwakeInstancesAfterBackupRestoration (5ms)
Platform modules already initialized, skipping
Refreshing native plugins compatible for Editor in 0.57 ms, found 2 plugins.
Preloading 0 native plugins for Editor in 0.00 ms.
Unloading 2323 Unused Serialized files (Serialized files now loaded: 0)
System memory in use before: 103.6 MB.
System memory in use after: 103.8 MB.

Unloading 16 unused Assets to reduce memory usage. Loaded Objects now: 2849.
Total: 2.869900 ms (FindLiveObjects: 0.195300 ms CreateObjectMapping: 0.079900 ms MarkObjects: 2.570700 ms  DeleteObjects: 0.023200 ms)

AssetImportParameters requested are different than current active one (requested -> active):
  custom:framework-win-MediaFoundation: 216162199b28c13a410421893ffa2e32 -> 
  custom:video-decoder-ogg-theora: a1e56fd34408186e4bbccfd4996cb3dc -> 
  custom:container-muxer-webm: aa71ff27fc2769a1b78a27578f13a17b -> 
  custom:container-demuxer-webm: 4f35f7cbe854078d1ac9338744f61a02 -> 
  custom:container-demuxer-ogg: 62fdf1f143b41e24485cea50d1cbac27 -> 
  custom:video-encoder-webm-vp8: eb34c28f22e8b96e1ab97ce403110664 -> 
  custom:video-decoder-webm-vp8: 9c59270c3fd7afecdb556c50c9e8de78 -> 
  custom:audio-decoder-ogg-vorbis: bf7c407c2cedff20999df2af8eb42d56 -> 
  custom:audio-encoder-webm-vorbis: bf7c407c2cedff20999df2af8eb42d56 -> 
========================================================================
Received Prepare
Registering precompiled user dll's ...
Registered in 0.002037 seconds.
Begin MonoManager ReloadAssembly
Native extension for WindowsStandalone target not found
Native extension for WebGL target not found
Refreshing native plugins compatible for Editor in 0.49 ms, found 2 plugins.
Preloading 0 native plugins for Editor in 0.00 ms.
Mono: successfully reloaded assembly
- Completed reload, in  0.916 seconds
Domain Reload Profiling:
	ReloadAssembly (917ms)
		BeginReloadAssembly (108ms)
			ExecutionOrderSort (0ms)
			DisableScriptedObjects (4ms)
			BackupInstance (0ms)
			ReleaseScriptingObjects (0ms)
			CreateAndSetChildDomain (34ms)
		EndReloadAssembly (761ms)
			LoadAssemblies (84ms)
			RebuildTransferFunctionScriptingTraits (0ms)
			SetupTypeCache (261ms)
			ReleaseScriptCaches (1ms)
			RebuildScriptCaches (41ms)
			SetupLoadedEditorAssemblies (285ms)
				LogAssemblyErrors (0ms)
				InitializePlatformSupportModulesInManaged (4ms)
				SetLoadedEditorAssemblies (0ms)
				RefreshPlugins (1ms)
				BeforeProcessingInitializeOnLoad (59ms)
				ProcessInitializeOnLoadAttributes (210ms)
				ProcessInitializeOnLoadMethodAttributes (9ms)
				AfterProcessingInitializeOnLoad (3ms)
				EditorAssembliesLoaded (0ms)
			ExecutionOrderSort2 (0ms)
			AwakeInstancesAfterBackupRestoration (6ms)
Platform modules already initialized, skipping
Refreshing native plugins compatible for Editor in 1.39 ms, found 2 plugins.
Preloading 0 native plugins for Editor in 0.00 ms.
Unloading 2323 Unused Serialized files (Serialized files now loaded: 0)
System memory in use before: 103.5 MB.
System memory in use after: 103.7 MB.

Unloading 16 unused Assets to reduce memory usage. Loaded Objects now: 2851.
Total: 6.806900 ms (FindLiveObjects: 0.310200 ms CreateObjectMapping: 0.144100 ms MarkObjects: 6.321000 ms  DeleteObjects: 0.030500 ms)

AssetImportParameters requested are different than current active one (requested -> active):
  custom:framework-win-MediaFoundation: 216162199b28c13a410421893ffa2e32 -> 
  custom:video-decoder-ogg-theora: a1e56fd34408186e4bbccfd4996cb3dc -> 
  custom:container-muxer-webm: aa71ff27fc2769a1b78a27578f13a17b -> 
  custom:container-demuxer-webm: 4f35f7cbe854078d1ac9338744f61a02 -> 
  custom:container-demuxer-ogg: 62fdf1f143b41e24485cea50d1cbac27 -> 
  custom:video-encoder-webm-vp8: eb34c28f22e8b96e1ab97ce403110664 -> 
  custom:video-decoder-webm-vp8: 9c59270c3fd7afecdb556c50c9e8de78 -> 
  custom:audio-decoder-ogg-vorbis: bf7c407c2cedff20999df2af8eb42d56 -> 
  custom:audio-encoder-webm-vorbis: bf7c407c2cedff20999df2af8eb42d56 -> 
========================================================================
Received Prepare
Registering precompiled user dll's ...
Registered in 0.002213 seconds.
Begin MonoManager ReloadAssembly
Native extension for WindowsStandalone target not found
Native extension for WebGL target not found
Refreshing native plugins compatible for Editor in 0.84 ms, found 2 plugins.
Preloading 0 native plugins for Editor in 0.00 ms.
Mono: successfully reloaded assembly
- Completed reload, in  0.911 seconds
Domain Reload Profiling:
	ReloadAssembly (912ms)
		BeginReloadAssembly (104ms)
			ExecutionOrderSort (0ms)
			DisableScriptedObjects (5ms)
			BackupInstance (0ms)
			ReleaseScriptingObjects (0ms)
			CreateAndSetChildDomain (29ms)
		EndReloadAssembly (762ms)
			LoadAssemblies (73ms)
			RebuildTransferFunctionScriptingTraits (0ms)
			SetupTypeCache (252ms)
			ReleaseScriptCaches (1ms)
			RebuildScriptCaches (35ms)
			SetupLoadedEditorAssemblies (304ms)
				LogAssemblyErrors (0ms)
				InitializePlatformSupportModulesInManaged (9ms)
				SetLoadedEditorAssemblies (1ms)
				RefreshPlugins (1ms)
				BeforeProcessingInitializeOnLoad (65ms)
				ProcessInitializeOnLoadAttributes (219ms)
				ProcessInitializeOnLoadMethodAttributes (7ms)
				AfterProcessingInitializeOnLoad (2ms)
				EditorAssembliesLoaded (0ms)
			ExecutionOrderSort2 (0ms)
			AwakeInstancesAfterBackupRestoration (6ms)
Platform modules already initialized, skipping
Refreshing native plugins compatible for Editor in 0.46 ms, found 2 plugins.
Preloading 0 native plugins for Editor in 0.00 ms.
Unloading 2323 Unused Serialized files (Serialized files now loaded: 0)
System memory in use before: 103.6 MB.
System memory in use after: 103.8 MB.

Unloading 16 unused Assets to reduce memory usage. Loaded Objects now: 2853.
Total: 2.724200 ms (FindLiveObjects: 0.184800 ms CreateObjectMapping: 0.085400 ms MarkObjects: 2.435800 ms  DeleteObjects: 0.017700 ms)

AssetImportParameters requested are different than current active one (requested -> active):
  custom:framework-win-MediaFoundation: 216162199b28c13a410421893ffa2e32 -> 
  custom:video-decoder-ogg-theora: a1e56fd34408186e4bbccfd4996cb3dc -> 
  custom:container-muxer-webm: aa71ff27fc2769a1b78a27578f13a17b -> 
  custom:container-demuxer-webm: 4f35f7cbe854078d1ac9338744f61a02 -> 
  custom:container-demuxer-ogg: 62fdf1f143b41e24485cea50d1cbac27 -> 
  custom:video-encoder-webm-vp8: eb34c28f22e8b96e1ab97ce403110664 -> 
  custom:video-decoder-webm-vp8: 9c59270c3fd7afecdb556c50c9e8de78 -> 
  custom:audio-decoder-ogg-vorbis: bf7c407c2cedff20999df2af8eb42d56 -> 
  custom:audio-encoder-webm-vorbis: bf7c407c2cedff20999df2af8eb42d56 -> 
========================================================================
Received Import Request.
  Time since last request: 72.238545 seconds.
  path: Assets/Scripts/CarController.cs
  artifactKey: Guid(62a57891455260f468815c56fe486986) Importer(815301076,1909f56bfc062723c751e8b465ee728b)
Start importing Assets/Scripts/CarController.cs using Guid(62a57891455260f468815c56fe486986) Importer(815301076,1909f56bfc062723c751e8b465ee728b)  -> (artifact id: 'e87e2ecffed3ad548d6f107e5f4a3fd2') in 0.006823 seconds 
  Import took 0.009885 seconds .

========================================================================
Received Import Request.
  Time since last request: 207.473385 seconds.
  path: Assets/LevelPieces/LevelBlock S To East.prefab
  artifactKey: Guid(96d1c3912701e4847a767b776f19d1e4) Importer(815301076,1909f56bfc062723c751e8b465ee728b)
Start importing Assets/LevelPieces/LevelBlock S To East.prefab using Guid(96d1c3912701e4847a767b776f19d1e4) Importer(815301076,1909f56bfc062723c751e8b465ee728b)  -> (artifact id: 'c6bce4aeb50eb19d2ab1c062a1096096') in 0.060334 seconds 
  Import took 0.064385 seconds .

========================================================================
Received Import Request.
  Time since last request: 0.793160 seconds.
  path: Assets/LevelPieces/LevelBlock E To North.prefab
  artifactKey: Guid(fef2ca783579a5f46878bd5e8f24c6b1) Importer(815301076,1909f56bfc062723c751e8b465ee728b)
Start importing Assets/LevelPieces/LevelBlock E To North.prefab using Guid(fef2ca783579a5f46878bd5e8f24c6b1) Importer(815301076,1909f56bfc062723c751e8b465ee728b)  -> (artifact id: '7b3c6f575682f9c386ff62d85adcdff5') in 0.020291 seconds 
  Import took 0.024265 seconds .

========================================================================
Received Prepare
Registering precompiled user dll's ...
Registered in 0.002256 seconds.
Begin MonoManager ReloadAssembly
Native extension for WindowsStandalone target not found
Native extension for WebGL target not found
Refreshing native plugins compatible for Editor in 0.49 ms, found 2 plugins.
Preloading 0 native plugins for Editor in 0.00 ms.
Mono: successfully reloaded assembly
- Completed reload, in  0.912 seconds
Domain Reload Profiling:
	ReloadAssembly (912ms)
		BeginReloadAssembly (110ms)
			ExecutionOrderSort (0ms)
			DisableScriptedObjects (4ms)
			BackupInstance (0ms)
			ReleaseScriptingObjects (0ms)
			CreateAndSetChildDomain (33ms)
		EndReloadAssembly (756ms)
			LoadAssemblies (85ms)
			RebuildTransferFunctionScriptingTraits (0ms)
			SetupTypeCache (261ms)
			ReleaseScriptCaches (1ms)
			RebuildScriptCaches (35ms)
			SetupLoadedEditorAssemblies (296ms)
				LogAssemblyErrors (0ms)
				InitializePlatformSupportModulesInManaged (4ms)
				SetLoadedEditorAssemblies (0ms)
				RefreshPlugins (1ms)
				BeforeProcessingInitializeOnLoad (59ms)
				ProcessInitializeOnLoadAttributes (223ms)
				ProcessInitializeOnLoadMethodAttributes (7ms)
				AfterProcessingInitializeOnLoad (2ms)
				EditorAssembliesLoaded (0ms)
			ExecutionOrderSort2 (0ms)
			AwakeInstancesAfterBackupRestoration (5ms)
Platform modules already initialized, skipping
Refreshing native plugins compatible for Editor in 0.63 ms, found 2 plugins.
Preloading 0 native plugins for Editor in 0.00 ms.
Unloading 2323 Unused Serialized files (Serialized files now loaded: 0)
System memory in use before: 103.6 MB.
System memory in use after: 103.8 MB.

Unloading 16 unused Assets to reduce memory usage. Loaded Objects now: 2856.
Total: 3.471300 ms (FindLiveObjects: 0.262300 ms CreateObjectMapping: 0.108700 ms MarkObjects: 3.034300 ms  DeleteObjects: 0.065100 ms)

AssetImportParameters requested are different than current active one (requested -> active):
  custom:framework-win-MediaFoundation: 216162199b28c13a410421893ffa2e32 -> 
  custom:video-decoder-ogg-theora: a1e56fd34408186e4bbccfd4996cb3dc -> 
  custom:container-muxer-webm: aa71ff27fc2769a1b78a27578f13a17b -> 
  custom:container-demuxer-webm: 4f35f7cbe854078d1ac9338744f61a02 -> 
  custom:container-demuxer-ogg: 62fdf1f143b41e24485cea50d1cbac27 -> 
  custom:video-encoder-webm-vp8: eb34c28f22e8b96e1ab97ce403110664 -> 
  custom:video-decoder-webm-vp8: 9c59270c3fd7afecdb556c50c9e8de78 -> 
  custom:audio-decoder-ogg-vorbis: bf7c407c2cedff20999df2af8eb42d56 -> 
  custom:audio-encoder-webm-vorbis: bf7c407c2cedff20999df2af8eb42d56 -> 
========================================================================
Received Prepare
Registering precompiled user dll's ...
Registered in 0.002404 seconds.
Begin MonoManager ReloadAssembly
Native extension for WindowsStandalone target not found
Native extension for WebGL target not found
Refreshing native plugins compatible for Editor in 0.53 ms, found 2 plugins.
Preloading 0 native plugins for Editor in 0.00 ms.
Mono: successfully reloaded assembly
- Completed reload, in  0.897 seconds
Domain Reload Profiling:
	ReloadAssembly (898ms)
		BeginReloadAssembly (97ms)
			ExecutionOrderSort (0ms)
			DisableScriptedObjects (4ms)
			BackupInstance (0ms)
			ReleaseScriptingObjects (0ms)
			CreateAndSetChildDomain (27ms)
		EndReloadAssembly (751ms)
			LoadAssemblies (78ms)
			RebuildTransferFunctionScriptingTraits (0ms)
			SetupTypeCache (253ms)
			ReleaseScriptCaches (1ms)
			RebuildScriptCaches (36ms)
			SetupLoadedEditorAssemblies (297ms)
				LogAssemblyErrors (0ms)
				InitializePlatformSupportModulesInManaged (4ms)
				SetLoadedEditorAssemblies (0ms)
				RefreshPlugins (1ms)
				BeforeProcessingInitializeOnLoad (62ms)
				ProcessInitializeOnLoadAttributes (220ms)
				ProcessInitializeOnLoadMethodAttributes (8ms)
				AfterProcessingInitializeOnLoad (2ms)
				EditorAssembliesLoaded (0ms)
			ExecutionOrderSort2 (0ms)
			AwakeInstancesAfterBackupRestoration (6ms)
Platform modules already initialized, skipping
Refreshing native plugins compatible for Editor in 0.57 ms, found 2 plugins.
Preloading 0 native plugins for Editor in 0.00 ms.
Unloading 2323 Unused Serialized files (Serialized files now loaded: 0)
System memory in use before: 103.6 MB.
System memory in use after: 103.9 MB.

Unloading 16 unused Assets to reduce memory usage. Loaded Objects now: 2858.
Total: 2.650300 ms (FindLiveObjects: 0.179600 ms CreateObjectMapping: 0.086100 ms MarkObjects: 2.366000 ms  DeleteObjects: 0.017700 ms)

AssetImportParameters requested are different than current active one (requested -> active):
  custom:framework-win-MediaFoundation: 216162199b28c13a410421893ffa2e32 -> 
  custom:video-decoder-ogg-theora: a1e56fd34408186e4bbccfd4996cb3dc -> 
  custom:container-muxer-webm: aa71ff27fc2769a1b78a27578f13a17b -> 
  custom:container-demuxer-webm: 4f35f7cbe854078d1ac9338744f61a02 -> 
  custom:container-demuxer-ogg: 62fdf1f143b41e24485cea50d1cbac27 -> 
  custom:video-encoder-webm-vp8: eb34c28f22e8b96e1ab97ce403110664 -> 
  custom:video-decoder-webm-vp8: 9c59270c3fd7afecdb556c50c9e8de78 -> 
  custom:audio-decoder-ogg-vorbis: bf7c407c2cedff20999df2af8eb42d56 -> 
  custom:audio-encoder-webm-vorbis: bf7c407c2cedff20999df2af8eb42d56 -> 
========================================================================
Received Prepare
Registering precompiled user dll's ...
Registered in 0.002400 seconds.
Begin MonoManager ReloadAssembly
Native extension for WindowsStandalone target not found
Native extension for WebGL target not found
Refreshing native plugins compatible for Editor in 0.53 ms, found 2 plugins.
Preloading 0 native plugins for Editor in 0.00 ms.
Mono: successfully reloaded assembly
- Completed reload, in  0.953 seconds
Domain Reload Profiling:
	ReloadAssembly (954ms)
		BeginReloadAssembly (104ms)
			ExecutionOrderSort (0ms)
			DisableScriptedObjects (4ms)
			BackupInstance (0ms)
			ReleaseScriptingObjects (0ms)
			CreateAndSetChildDomain (31ms)
		EndReloadAssembly (802ms)
			LoadAssemblies (82ms)
			RebuildTransferFunctionScriptingTraits (0ms)
			SetupTypeCache (246ms)
			ReleaseScriptCaches (1ms)
			RebuildScriptCaches (36ms)
			SetupLoadedEditorAssemblies (335ms)
				LogAssemblyErrors (0ms)
				InitializePlatformSupportModulesInManaged (4ms)
				SetLoadedEditorAssemblies (0ms)
				RefreshPlugins (1ms)
				BeforeProcessingInitializeOnLoad (79ms)
				ProcessInitializeOnLoadAttributes (238ms)
				ProcessInitializeOnLoadMethodAttributes (8ms)
				AfterProcessingInitializeOnLoad (5ms)
				EditorAssembliesLoaded (1ms)
			ExecutionOrderSort2 (0ms)
			AwakeInstancesAfterBackupRestoration (11ms)
Platform modules already initialized, skipping
Refreshing native plugins compatible for Editor in 0.80 ms, found 2 plugins.
Preloading 0 native plugins for Editor in 0.00 ms.
Unloading 2323 Unused Serialized files (Serialized files now loaded: 0)
System memory in use before: 103.6 MB.
System memory in use after: 103.9 MB.

Unloading 16 unused Assets to reduce memory usage. Loaded Objects now: 2860.
Total: 4.386200 ms (FindLiveObjects: 0.349700 ms CreateObjectMapping: 0.144100 ms MarkObjects: 3.862200 ms  DeleteObjects: 0.028700 ms)

AssetImportParameters requested are different than current active one (requested -> active):
  custom:framework-win-MediaFoundation: 216162199b28c13a410421893ffa2e32 -> 
  custom:video-decoder-ogg-theora: a1e56fd34408186e4bbccfd4996cb3dc -> 
  custom:container-muxer-webm: aa71ff27fc2769a1b78a27578f13a17b -> 
  custom:container-demuxer-webm: 4f35f7cbe854078d1ac9338744f61a02 -> 
  custom:container-demuxer-ogg: 62fdf1f143b41e24485cea50d1cbac27 -> 
  custom:video-encoder-webm-vp8: eb34c28f22e8b96e1ab97ce403110664 -> 
  custom:video-decoder-webm-vp8: 9c59270c3fd7afecdb556c50c9e8de78 -> 
  custom:audio-decoder-ogg-vorbis: bf7c407c2cedff20999df2af8eb42d56 -> 
  custom:audio-encoder-webm-vorbis: bf7c407c2cedff20999df2af8eb42d56 -> 
========================================================================
Received Prepare
Registering precompiled user dll's ...
Registered in 0.002863 seconds.
Begin MonoManager ReloadAssembly
Native extension for WindowsStandalone target not found
Native extension for WebGL target not found
Refreshing native plugins compatible for Editor in 0.48 ms, found 2 plugins.
Preloading 0 native plugins for Editor in 0.00 ms.
Mono: successfully reloaded assembly
- Completed reload, in  0.947 seconds
Domain Reload Profiling:
	ReloadAssembly (948ms)
		BeginReloadAssembly (108ms)
			ExecutionOrderSort (0ms)
			DisableScriptedObjects (4ms)
			BackupInstance (0ms)
			ReleaseScriptingObjects (0ms)
			CreateAndSetChildDomain (28ms)
		EndReloadAssembly (794ms)
			LoadAssemblies (87ms)
			RebuildTransferFunctionScriptingTraits (0ms)
			SetupTypeCache (243ms)
			ReleaseScriptCaches (1ms)
			RebuildScriptCaches (34ms)
			SetupLoadedEditorAssemblies (357ms)
				LogAssemblyErrors (0ms)
				InitializePlatformSupportModulesInManaged (4ms)
				SetLoadedEditorAssemblies (0ms)
				RefreshPlugins (1ms)
				BeforeProcessingInitializeOnLoad (59ms)
				ProcessInitializeOnLoadAttributes (284ms)
				ProcessInitializeOnLoadMethodAttributes (7ms)
				AfterProcessingInitializeOnLoad (2ms)
				EditorAssembliesLoaded (0ms)
			ExecutionOrderSort2 (0ms)
			AwakeInstancesAfterBackupRestoration (6ms)
Platform modules already initialized, skipping
Refreshing native plugins compatible for Editor in 0.47 ms, found 2 plugins.
Preloading 0 native plugins for Editor in 0.00 ms.
Unloading 2323 Unused Serialized files (Serialized files now loaded: 0)
System memory in use before: 103.6 MB.
System memory in use after: 103.8 MB.

Unloading 16 unused Assets to reduce memory usage. Loaded Objects now: 2862.
Total: 2.656400 ms (FindLiveObjects: 0.186500 ms CreateObjectMapping: 0.078400 ms MarkObjects: 2.370700 ms  DeleteObjects: 0.020100 ms)

AssetImportParameters requested are different than current active one (requested -> active):
  custom:framework-win-MediaFoundation: 216162199b28c13a410421893ffa2e32 -> 
  custom:video-decoder-ogg-theora: a1e56fd34408186e4bbccfd4996cb3dc -> 
  custom:container-muxer-webm: aa71ff27fc2769a1b78a27578f13a17b -> 
  custom:container-demuxer-webm: 4f35f7cbe854078d1ac9338744f61a02 -> 
  custom:container-demuxer-ogg: 62fdf1f143b41e24485cea50d1cbac27 -> 
  custom:video-encoder-webm-vp8: eb34c28f22e8b96e1ab97ce403110664 -> 
  custom:video-decoder-webm-vp8: 9c59270c3fd7afecdb556c50c9e8de78 -> 
  custom:audio-decoder-ogg-vorbis: bf7c407c2cedff20999df2af8eb42d56 -> 
  custom:audio-encoder-webm-vorbis: bf7c407c2cedff20999df2af8eb42d56 -> 
AssetImportWorkerClient::OnTransportError - code=2 error=End of file
